2020-05-26 22:47:08,155 [INFO] --train_logdir=models/CarSeg_UNet_CE_Carvana_2D_512_512_v2 \
--phase=train \
--dataset_dir=./datasets/Carvana \
--dataset=Carvana_train.tfrecord \
--test_dataset=./datasets/test \
--train_batch_size=1 \
--training_number_of_steps=10 \
--summary_steps=1 \
--checkpoint_steps=10 \
--save_steps=1 \
--checkpoint=None \
--tf_initial_checkpoint_dir=None \

2020-05-26 22:47:17,446 [INFO] 2020-05-26 22:47:17.446795: Init new training
2020-05-26 22:47:17,449 [WARNING] From /Users/yenciliang/_School/script/Unet-Tensorflow/model/read_tfrecords.py:29: TFRecordReader.__init__ (from tensorflow.python.ops.io_ops) is deprecated and will be removed in a future version.
Instructions for updating:
Queue-based input pipelines have been replaced by `tf.data`. Use `tf.data.TFRecordDataset`.
2020-05-26 22:47:17,452 [WARNING] From /Users/yenciliang/_School/script/Unet-Tensorflow/model/read_tfrecords.py:31: string_input_producer (from tensorflow.python.training.input) is deprecated and will be removed in a future version.
Instructions for updating:
Queue-based input pipelines have been replaced by `tf.data`. Use `tf.data.Dataset.from_tensor_slices(string_tensor).shuffle(tf.shape(input_tensor, out_type=tf.int64)[0]).repeat(num_epochs)`. If `shuffle=False`, omit the `.shuffle(...)`.
2020-05-26 22:47:17,476 [WARNING] From /usr/local/Cellar/python@3.6/3.6.9_3/Frameworks/Python.framework/Versions/3.6/lib/python3.6/site-packages/tensorflow/python/training/input.py:276: input_producer (from tensorflow.python.training.input) is deprecated and will be removed in a future version.
Instructions for updating:
Queue-based input pipelines have been replaced by `tf.data`. Use `tf.data.Dataset.from_tensor_slices(input_tensor).shuffle(tf.shape(input_tensor, out_type=tf.int64)[0]).repeat(num_epochs)`. If `shuffle=False`, omit the `.shuffle(...)`.
2020-05-26 22:47:17,478 [WARNING] From /usr/local/Cellar/python@3.6/3.6.9_3/Frameworks/Python.framework/Versions/3.6/lib/python3.6/site-packages/tensorflow/python/training/input.py:188: limit_epochs (from tensorflow.python.training.input) is deprecated and will be removed in a future version.
Instructions for updating:
Queue-based input pipelines have been replaced by `tf.data`. Use `tf.data.Dataset.from_tensors(tensor).repeat(num_epochs)`.
2020-05-26 22:47:17,481 [WARNING] From /usr/local/Cellar/python@3.6/3.6.9_3/Frameworks/Python.framework/Versions/3.6/lib/python3.6/site-packages/tensorflow/python/training/input.py:197: QueueRunner.__init__ (from tensorflow.python.training.queue_runner_impl) is deprecated and will be removed in a future version.
Instructions for updating:
To construct input pipelines, use the `tf.data` module.
2020-05-26 22:47:17,484 [WARNING] From /usr/local/Cellar/python@3.6/3.6.9_3/Frameworks/Python.framework/Versions/3.6/lib/python3.6/site-packages/tensorflow/python/training/input.py:197: add_queue_runner (from tensorflow.python.training.queue_runner_impl) is deprecated and will be removed in a future version.
Instructions for updating:
To construct input pipelines, use the `tf.data` module.
2020-05-26 22:47:17,512 [WARNING] From /Users/yenciliang/_School/script/Unet-Tensorflow/model/read_tfrecords.py:66: shuffle_batch (from tensorflow.python.training.input) is deprecated and will be removed in a future version.
Instructions for updating:
Queue-based input pipelines have been replaced by `tf.data`. Use `tf.data.Dataset.shuffle(min_after_dequeue).batch(batch_size)`.
2020-05-26 22:47:17,525 [INFO] 2020-05-26 22:47:17.525656: Done init data generators
2020-05-26 22:47:17,526 [WARNING] From /Users/yenciliang/_School/script/Unet-Tensorflow/model/unet.py:141: start_queue_runners (from tensorflow.python.training.queue_runner_impl) is deprecated and will be removed in a future version.
Instructions for updating:
To construct input pipelines, use the `tf.data` module.
2020-05-26 22:47:46,249 [INFO] Iteration_1 (28.7217s/iter) (loss=0.8382067084312439)
2020-05-26 22:47:50,532 [DEBUG] findfont: Matching :family=sans-serif:style=normal:variant=normal:weight=normal:stretch=normal:size=12.0.
2020-05-26 22:47:50,533 [DEBUG] findfont: score(<Font 'DejaVu Sans' (DejaVuSans-Bold.ttf) normal normal bold normal>) = 0.33499999999999996
2020-05-26 22:47:50,533 [DEBUG] findfont: score(<Font 'DejaVu Serif' (DejaVuSerif-Italic.ttf) italic normal 400 normal>) = 11.05
2020-05-26 22:47:50,533 [DEBUG] findfont: score(<Font 'STIXGeneral' (STIXGeneralBol.ttf) normal normal bold normal>) = 10.335
2020-05-26 22:47:50,534 [DEBUG] findfont: score(<Font 'DejaVu Serif' (DejaVuSerif-Bold.ttf) normal normal bold normal>) = 10.335
2020-05-26 22:47:50,534 [DEBUG] findfont: score(<Font 'DejaVu Sans' (DejaVuSans.ttf) normal normal 400 normal>) = 0.05
2020-05-26 22:47:50,534 [DEBUG] findfont: score(<Font 'DejaVu Serif' (DejaVuSerif-BoldItalic.ttf) italic normal bold normal>) = 11.335
2020-05-26 22:47:50,534 [DEBUG] findfont: score(<Font 'STIXSizeThreeSym' (STIXSizThreeSymReg.ttf) normal normal regular normal>) = 10.05
2020-05-26 22:47:50,534 [DEBUG] findfont: score(<Font 'cmmi10' (cmmi10.ttf) normal normal 400 normal>) = 10.05
2020-05-26 22:47:50,534 [DEBUG] findfont: score(<Font 'DejaVu Sans Display' (DejaVuSansDisplay.ttf) normal normal 400 normal>) = 10.05
2020-05-26 22:47:50,534 [DEBUG] findfont: score(<Font 'DejaVu Sans Mono' (DejaVuSansMono-Oblique.ttf) oblique normal 400 normal>) = 11.05
2020-05-26 22:47:50,534 [DEBUG] findfont: score(<Font 'STIXSizeTwoSym' (STIXSizTwoSymReg.ttf) normal normal regular normal>) = 10.05
2020-05-26 22:47:50,534 [DEBUG] findfont: score(<Font 'STIXSizeThreeSym' (STIXSizThreeSymBol.ttf) normal normal bold normal>) = 10.335
2020-05-26 22:47:50,535 [DEBUG] findfont: score(<Font 'STIXGeneral' (STIXGeneral.ttf) normal normal regular normal>) = 10.05
2020-05-26 22:47:50,535 [DEBUG] findfont: score(<Font 'DejaVu Serif' (DejaVuSerif.ttf) normal normal 400 normal>) = 10.05
2020-05-26 22:47:50,535 [DEBUG] findfont: score(<Font 'STIXNonUnicode' (STIXNonUniBolIta.ttf) italic normal bold normal>) = 11.335
2020-05-26 22:47:50,535 [DEBUG] findfont: score(<Font 'DejaVu Sans Mono' (DejaVuSansMono.ttf) normal normal 400 normal>) = 10.05
2020-05-26 22:47:50,535 [DEBUG] findfont: score(<Font 'cmb10' (cmb10.ttf) normal normal 400 normal>) = 10.05
2020-05-26 22:47:50,535 [DEBUG] findfont: score(<Font 'cmss10' (cmss10.ttf) normal normal 400 normal>) = 10.05
2020-05-26 22:47:50,535 [DEBUG] findfont: score(<Font 'STIXNonUnicode' (STIXNonUniIta.ttf) italic normal 400 normal>) = 11.05
2020-05-26 22:47:50,535 [DEBUG] findfont: score(<Font 'DejaVu Sans' (DejaVuSans-Oblique.ttf) oblique normal 400 normal>) = 1.05
2020-05-26 22:47:50,536 [DEBUG] findfont: score(<Font 'STIXSizeOneSym' (STIXSizOneSymReg.ttf) normal normal regular normal>) = 10.05
2020-05-26 22:47:50,536 [DEBUG] findfont: score(<Font 'STIXSizeFiveSym' (STIXSizFiveSymReg.ttf) normal normal regular normal>) = 10.05
2020-05-26 22:47:50,536 [DEBUG] findfont: score(<Font 'STIXSizeOneSym' (STIXSizOneSymBol.ttf) normal normal bold normal>) = 10.335
2020-05-26 22:47:50,536 [DEBUG] findfont: score(<Font 'STIXNonUnicode' (STIXNonUni.ttf) normal normal regular normal>) = 10.05
2020-05-26 22:47:50,536 [DEBUG] findfont: score(<Font 'cmtt10' (cmtt10.ttf) normal normal 400 normal>) = 10.05
2020-05-26 22:47:50,536 [DEBUG] findfont: score(<Font 'cmr10' (cmr10.ttf) normal normal 400 normal>) = 10.05
2020-05-26 22:47:50,536 [DEBUG] findfont: score(<Font 'DejaVu Sans Mono' (DejaVuSansMono-BoldOblique.ttf) oblique normal bold normal>) = 11.335
2020-05-26 22:47:50,536 [DEBUG] findfont: score(<Font 'cmsy10' (cmsy10.ttf) normal normal 400 normal>) = 10.05
2020-05-26 22:47:50,536 [DEBUG] findfont: score(<Font 'DejaVu Sans Mono' (DejaVuSansMono-Bold.ttf) normal normal bold normal>) = 10.335
2020-05-26 22:47:50,536 [DEBUG] findfont: score(<Font 'STIXSizeFourSym' (STIXSizFourSymReg.ttf) normal normal regular normal>) = 10.05
2020-05-26 22:47:50,537 [DEBUG] findfont: score(<Font 'STIXSizeFourSym' (STIXSizFourSymBol.ttf) normal normal bold normal>) = 10.335
2020-05-26 22:47:50,537 [DEBUG] findfont: score(<Font 'STIXGeneral' (STIXGeneralBolIta.ttf) italic normal bold normal>) = 11.335
2020-05-26 22:47:50,537 [DEBUG] findfont: score(<Font 'DejaVu Serif Display' (DejaVuSerifDisplay.ttf) normal normal 400 normal>) = 10.05
2020-05-26 22:47:50,537 [DEBUG] findfont: score(<Font 'STIXSizeTwoSym' (STIXSizTwoSymBol.ttf) normal normal bold normal>) = 10.335
2020-05-26 22:47:50,537 [DEBUG] findfont: score(<Font 'STIXNonUnicode' (STIXNonUniBol.ttf) normal normal bold normal>) = 10.335
2020-05-26 22:47:50,537 [DEBUG] findfont: score(<Font 'DejaVu Sans' (DejaVuSans-BoldOblique.ttf) oblique normal bold normal>) = 1.335
2020-05-26 22:47:50,537 [DEBUG] findfont: score(<Font 'cmex10' (cmex10.ttf) normal normal 400 normal>) = 10.05
2020-05-26 22:47:50,538 [DEBUG] findfont: score(<Font 'STIXGeneral' (STIXGeneralItalic.ttf) italic normal 400 normal>) = 11.05
2020-05-26 22:47:50,538 [DEBUG] findfont: score(<Font 'Nadeem' (Nadeem.ttc) normal normal regular normal>) = 10.05
2020-05-26 22:47:50,538 [DEBUG] findfont: score(<Font 'Lao MN' (Lao MN.ttc) normal normal 400 normal>) = 10.05
2020-05-26 22:47:50,538 [DEBUG] findfont: score(<Font 'Optima' (Optima.ttc) normal normal regular normal>) = 10.05
2020-05-26 22:47:50,538 [DEBUG] findfont: score(<Font '.SF NS Display Condensed' (SFNSDisplayCondensed-Light.otf) normal normal light condensed>) = 10.44
2020-05-26 22:47:50,538 [DEBUG] findfont: score(<Font 'Didot' (Didot.ttc) normal normal 400 normal>) = 10.05
2020-05-26 22:47:50,539 [DEBUG] findfont: score(<Font 'Apple Braille' (Apple Braille Pinpoint 8 Dot.ttf) normal normal 400 normal>) = 10.05
2020-05-26 22:47:50,539 [DEBUG] findfont: score(<Font 'Farah' (Farah.ttc) normal normal regular normal>) = 10.05
2020-05-26 22:47:50,539 [DEBUG] findfont: score(<Font '.SF NS Symbols' (SFNSSymbols-Ultralight.otf) normal normal ultralight normal>) = 10.335
2020-05-26 22:47:50,540 [DEBUG] findfont: score(<Font 'STIXSizeOneSym' (STIXSizOneSymBol.otf) normal normal bold normal>) = 10.335
2020-05-26 22:47:50,540 [DEBUG] findfont: score(<Font '.SF Compact Display' (SFCompactDisplay-Black.otf) normal normal black normal>) = 10.525
2020-05-26 22:47:50,540 [DEBUG] findfont: score(<Font 'Hiragino Sans' (ヒラギノ角ゴシック W7.ttc) normal normal 700 normal>) = 10.335
2020-05-26 22:47:50,540 [DEBUG] findfont: score(<Font 'Arial Narrow' (Arial Narrow.ttf) normal normal 400 condensed>) = 10.25
2020-05-26 22:47:50,540 [DEBUG] findfont: score(<Font 'System Font' (SFNSDisplay-ThinG3.otf) normal normal 400 normal>) = 10.05
2020-05-26 22:47:50,540 [DEBUG] findfont: score(<Font 'Superclarendon' (SuperClarendon.ttc) normal normal regular normal>) = 10.05
2020-05-26 22:47:50,540 [DEBUG] findfont: score(<Font 'Corsiva Hebrew' (Corsiva.ttc) normal normal 400 normal>) = 10.05
2020-05-26 22:47:50,540 [DEBUG] findfont: score(<Font 'Farisi' (Farisi.ttf) normal normal regular normal>) = 10.05
2020-05-26 22:47:50,540 [DEBUG] findfont: score(<Font 'Courier New' (Courier New.ttf) normal normal 400 normal>) = 10.05
2020-05-26 22:47:50,541 [DEBUG] findfont: score(<Font 'Comic Sans MS' (Comic Sans MS.ttf) normal normal 400 normal>) = 10.05
2020-05-26 22:47:50,541 [DEBUG] findfont: score(<Font 'Sathu' (Sathu.ttf) normal normal 400 normal>) = 10.05
2020-05-26 22:47:50,541 [DEBUG] findfont: score(<Font 'Papyrus' (Papyrus.ttc) normal normal 400 condensed>) = 10.25
2020-05-26 22:47:50,541 [DEBUG] findfont: score(<Font 'STIXSizeFourSym' (STIXSizFourSymReg.otf) normal normal regular normal>) = 10.05
2020-05-26 22:47:50,541 [DEBUG] findfont: score(<Font '.SF Compact Rounded' (SFCompactRounded-Thin.otf) normal normal 400 normal>) = 10.05
2020-05-26 22:47:50,541 [DEBUG] findfont: score(<Font 'Wingdings 2' (Wingdings 2.ttf) normal normal 400 normal>) = 10.05
2020-05-26 22:47:50,541 [DEBUG] findfont: score(<Font 'Apple SD Gothic Neo' (AppleSDGothicNeo.ttc) normal normal regular normal>) = 10.05
2020-05-26 22:47:50,541 [DEBUG] findfont: score(<Font 'Apple Braille' (Apple Braille Outline 6 Dot.ttf) normal normal 400 normal>) = 10.05
2020-05-26 22:47:50,542 [DEBUG] findfont: score(<Font 'Waseem' (Waseem.ttc) normal normal regular normal>) = 10.05
2020-05-26 22:47:50,542 [DEBUG] findfont: score(<Font 'Bodoni 72' (Bodoni 72.ttc) normal normal book normal>) = 10.05
2020-05-26 22:47:50,542 [DEBUG] findfont: score(<Font 'System Font' (SFNSDisplay-RegularItalic.otf) italic normal 400 normal>) = 11.05
2020-05-26 22:47:50,542 [DEBUG] findfont: score(<Font '.SF NS Display Condensed' (SFNSDisplayCondensed-Medium.otf) normal normal medium condensed>) = 10.344999999999999
2020-05-26 22:47:50,542 [DEBUG] findfont: score(<Font 'Hiragino Sans' (ヒラギノ角ゴシック W6.ttc) normal normal 700 normal>) = 10.335
2020-05-26 22:47:50,542 [DEBUG] findfont: score(<Font 'Hoefler Text' (Hoefler Text.ttc) normal normal 400 normal>) = 10.05
2020-05-26 22:47:50,543 [DEBUG] findfont: score(<Font 'Ayuthaya' (Ayuthaya.ttf) normal normal 400 normal>) = 10.05
2020-05-26 22:47:50,543 [DEBUG] findfont: score(<Font '.SF NS Text Condensed' (SFNSTextCondensed-Heavy.otf) normal normal heavy condensed>) = 10.629999999999999
2020-05-26 22:47:50,543 [DEBUG] findfont: score(<Font '.SF Compact Display' (SFCompactDisplay-Bold.otf) normal normal bold normal>) = 10.335
2020-05-26 22:47:50,543 [DEBUG] findfont: score(<Font 'Hoefler Text' (Hoefler Text Ornaments.ttf) normal normal 400 normal>) = 10.05
2020-05-26 22:47:50,543 [DEBUG] findfont: score(<Font 'Verdana' (Verdana.ttf) normal normal 400 normal>) = 3.6863636363636365
2020-05-26 22:47:50,543 [DEBUG] findfont: score(<Font 'SauceCodePro Nerd Font' (Sauce Code Pro Light Italic Nerd Font Complete.ttf) italic normal light normal>) = 11.24
2020-05-26 22:47:50,543 [DEBUG] findfont: score(<Font 'Hiragino Maru Gothic Pro' (ヒラギノ丸ゴ ProN W4.ttc) normal normal 400 normal>) = 10.05
2020-05-26 22:47:50,543 [DEBUG] findfont: score(<Font '.SF NS Text Condensed' (SFNSTextCondensed-Regular.otf) normal normal regular condensed>) = 10.25
2020-05-26 22:47:50,543 [DEBUG] findfont: score(<Font 'Malayalam MN' (Malayalam MN.ttc) normal normal 400 normal>) = 10.05
2020-05-26 22:47:50,544 [DEBUG] findfont: score(<Font '.SF Compact Rounded' (SFCompactRounded-Black.otf) normal normal black normal>) = 10.525
2020-05-26 22:47:50,544 [DEBUG] findfont: score(<Font 'System Font' (SFNSDisplay-BoldItalic.otf) italic normal bold normal>) = 11.335
2020-05-26 22:47:50,544 [DEBUG] findfont: score(<Font '.SF Compact Text' (SFCompactText-BoldItalic.otf) italic normal bold normal>) = 11.335
2020-05-26 22:47:50,544 [DEBUG] findfont: score(<Font 'Mishafi Gold' (Mishafi Gold.ttf) normal normal regular normal>) = 10.05
2020-05-26 22:47:50,544 [DEBUG] findfont: score(<Font 'Verdana' (Verdana Bold.ttf) normal normal bold normal>) = 3.9713636363636367
2020-05-26 22:47:50,544 [DEBUG] findfont: score(<Font 'Bodoni 72 Oldstyle' (Bodoni 72 OS.ttc) normal normal book normal>) = 10.05
2020-05-26 22:47:50,544 [DEBUG] findfont: score(<Font 'STIXIntegralsSm' (STIXIntSmReg.otf) normal normal regular normal>) = 10.05
2020-05-26 22:47:50,544 [DEBUG] findfont: score(<Font 'System Font' (SFNSDisplay.ttf) normal normal 400 normal>) = 10.05
2020-05-26 22:47:50,544 [DEBUG] findfont: score(<Font 'Courier New' (Courier New Bold.ttf) normal normal bold normal>) = 10.335
2020-05-26 22:47:50,544 [DEBUG] findfont: score(<Font 'Gurmukhi MN' (Gurmukhi MN.ttc) normal normal 400 normal>) = 10.05
2020-05-26 22:47:50,545 [DEBUG] findfont: score(<Font '.SF Compact Text' (SFCompactText-Light.otf) normal normal light normal>) = 10.24
2020-05-26 22:47:50,545 [DEBUG] findfont: score(<Font '.SF Compact Text' (SFCompactText-Regular.otf) normal normal regular normal>) = 10.05
2020-05-26 22:47:50,545 [DEBUG] findfont: score(<Font '.SF NS Display Condensed' (SFNSDisplayCondensed-Heavy.otf) normal normal heavy condensed>) = 10.629999999999999
2020-05-26 22:47:50,545 [DEBUG] findfont: score(<Font 'Brush Script MT' (Brush Script.ttf) italic normal 400 normal>) = 11.05
2020-05-26 22:47:50,545 [DEBUG] findfont: score(<Font 'Marker Felt' (MarkerFelt.ttc) normal normal 400 normal>) = 10.05
2020-05-26 22:47:50,545 [DEBUG] findfont: score(<Font 'Arial Narrow' (Arial Narrow Bold Italic.ttf) italic normal bold condensed>) = 11.535
2020-05-26 22:47:50,545 [DEBUG] findfont: score(<Font '.SF NS Symbols' (SFNSSymbols-Medium.otf) normal normal medium normal>) = 10.145
2020-05-26 22:47:50,545 [DEBUG] findfont: score(<Font '.Arabic UI Text' (ArabicUIText.ttc) normal normal regular normal>) = 10.05
2020-05-26 22:47:50,545 [DEBUG] findfont: score(<Font 'ITF Devanagari' (ITFDevanagari.ttc) normal normal book normal>) = 10.05
2020-05-26 22:47:50,545 [DEBUG] findfont: score(<Font 'Andale Mono' (Andale Mono.ttf) normal normal 400 normal>) = 10.05
2020-05-26 22:47:50,546 [DEBUG] findfont: score(<Font 'Arial Narrow' (Arial Narrow Bold.ttf) normal normal bold condensed>) = 10.535
2020-05-26 22:47:50,546 [DEBUG] findfont: score(<Font 'STIXIntegralsUpSm' (STIXIntUpSmBol.otf) normal normal bold normal>) = 10.335
2020-05-26 22:47:50,546 [DEBUG] findfont: score(<Font 'Arial Narrow' (Arial Narrow Italic.ttf) italic normal 400 condensed>) = 11.25
2020-05-26 22:47:50,546 [DEBUG] findfont: score(<Font 'Apple Braille' (Apple Braille.ttf) normal normal 400 normal>) = 10.05
2020-05-26 22:47:50,546 [DEBUG] findfont: score(<Font 'STIXSizeOneSym' (STIXSizOneSymReg.otf) normal normal regular normal>) = 10.05
2020-05-26 22:47:50,546 [DEBUG] findfont: score(<Font '.SF NS Text Condensed' (SFNSTextCondensed-Semibold.otf) normal normal semibold condensed>) = 10.44
2020-05-26 22:47:50,546 [DEBUG] findfont: score(<Font 'Wingdings' (Wingdings.ttf) normal normal 400 normal>) = 10.05
2020-05-26 22:47:50,546 [DEBUG] findfont: score(<Font 'Hiragino Sans' (ヒラギノ角ゴシック W8.ttc) normal normal 700 normal>) = 10.335
2020-05-26 22:47:50,546 [DEBUG] findfont: score(<Font 'System Font' (SFNSDisplay-MediumItalic.otf) italic normal medium normal>) = 11.145
2020-05-26 22:47:50,547 [DEBUG] findfont: score(<Font 'Oriya MN' (Oriya MN.ttc) normal normal 400 normal>) = 10.05
2020-05-26 22:47:50,547 [DEBUG] findfont: score(<Font 'Zapfino' (Zapfino.ttf) normal normal 400 normal>) = 10.05
2020-05-26 22:47:50,547 [DEBUG] findfont: score(<Font 'Savoye LET' (Savoye LET.ttc) normal normal 400 normal>) = 10.05
2020-05-26 22:47:50,547 [DEBUG] findfont: score(<Font '.SF NS Symbols' (SFNSSymbols-Heavy.otf) normal normal heavy normal>) = 10.43
2020-05-26 22:47:50,547 [DEBUG] findfont: score(<Font 'Tamil Sangam MN' (Tamil Sangam MN.ttc) normal normal 400 normal>) = 10.05
2020-05-26 22:47:50,547 [DEBUG] findfont: score(<Font 'Trebuchet MS' (Trebuchet MS Bold.ttf) normal normal bold normal>) = 10.335
2020-05-26 22:47:50,547 [DEBUG] findfont: score(<Font 'Silom' (Silom.ttf) normal normal 400 normal>) = 10.05
2020-05-26 22:47:50,547 [DEBUG] findfont: score(<Font 'Bangla Sangam MN' (Bangla Sangam MN.ttc) normal normal 400 normal>) = 10.05
2020-05-26 22:47:50,547 [DEBUG] findfont: score(<Font 'STIXIntegralsUpSm' (STIXIntUpSmReg.otf) normal normal regular normal>) = 10.05
2020-05-26 22:47:50,547 [DEBUG] findfont: score(<Font 'Myanmar Sangam MN' (Myanmar Sangam MN.ttc) normal normal 400 normal>) = 10.05
2020-05-26 22:47:50,548 [DEBUG] findfont: score(<Font 'Zapf Dingbats' (ZapfDingbats.ttf) normal normal 400 normal>) = 10.05
2020-05-26 22:47:50,548 [DEBUG] findfont: score(<Font 'STIXSizeTwoSym' (STIXSizTwoSymReg.otf) normal normal regular normal>) = 10.05
2020-05-26 22:47:50,548 [DEBUG] findfont: score(<Font '.SF Compact Display' (SFCompactDisplay-Regular.otf) normal normal regular normal>) = 10.05
2020-05-26 22:47:50,548 [DEBUG] findfont: score(<Font 'Heiti TC' (STHeiti Light.ttc) normal normal light normal>) = 10.24
2020-05-26 22:47:50,548 [DEBUG] findfont: score(<Font 'Phosphate' (Phosphate.ttc) normal normal 400 normal>) = 10.05
2020-05-26 22:47:50,548 [DEBUG] findfont: score(<Font '.SF Compact Rounded' (SFCompactRounded-Light.otf) normal normal light normal>) = 10.24
2020-05-26 22:47:50,548 [DEBUG] findfont: score(<Font 'Times New Roman' (Times New Roman Italic.ttf) italic normal roman normal>) = 11.145
2020-05-26 22:47:50,548 [DEBUG] findfont: score(<Font 'STIXIntegralsD' (STIXIntDReg.otf) normal normal regular normal>) = 10.05
2020-05-26 22:47:50,548 [DEBUG] findfont: score(<Font '.SF Compact Rounded' (SFCompactRounded-Bold.otf) normal normal bold normal>) = 10.335
2020-05-26 22:47:50,549 [DEBUG] findfont: score(<Font 'Hiragino Sans' (ヒラギノ角ゴシック W2.ttc) normal normal 400 normal>) = 10.05
2020-05-26 22:47:50,549 [DEBUG] findfont: score(<Font 'Kannada Sangam MN' (Kannada Sangam MN.ttc) normal normal 400 normal>) = 10.05
2020-05-26 22:47:50,549 [DEBUG] findfont: score(<Font 'KufiStandardGK' (KufiStandardGK.ttc) normal normal regular normal>) = 10.05
2020-05-26 22:47:50,549 [DEBUG] findfont: score(<Font 'Menlo' (Menlo.ttc) normal normal regular normal>) = 10.05
2020-05-26 22:47:50,549 [DEBUG] findfont: score(<Font '.SF NS Symbols' (SFNSSymbols-Bold.otf) normal normal bold normal>) = 10.335
2020-05-26 22:47:50,549 [DEBUG] findfont: score(<Font 'Impact' (Impact.ttf) normal normal 400 normal>) = 10.05
2020-05-26 22:47:50,549 [DEBUG] findfont: score(<Font '.SF Compact Display' (SFCompactDisplay-Light.otf) normal normal light normal>) = 10.24
2020-05-26 22:47:50,549 [DEBUG] findfont: score(<Font 'STIXNonUnicode' (STIXNonUniIta.otf) italic normal 400 normal>) = 11.05
2020-05-26 22:47:50,549 [DEBUG] findfont: score(<Font 'Hiragino Sans' (ヒラギノ角ゴシック W0.ttc) normal normal 400 normal>) = 10.05
2020-05-26 22:47:50,549 [DEBUG] findfont: score(<Font 'PT Mono' (PTMono.ttc) normal normal bold normal>) = 10.335
2020-05-26 22:47:50,550 [DEBUG] findfont: score(<Font 'Songti SC' (Songti.ttc) normal normal black normal>) = 10.525
2020-05-26 22:47:50,550 [DEBUG] findfont: score(<Font '.SF NS Text Condensed' (SFNSTextCondensed-Light.otf) normal normal light condensed>) = 10.44
2020-05-26 22:47:50,550 [DEBUG] findfont: score(<Font 'Devanagari MT' (DevanagariMT.ttc) normal normal 400 normal>) = 10.05
2020-05-26 22:47:50,550 [DEBUG] findfont: score(<Font 'PT Serif Caption' (PTSerifCaption.ttc) normal normal 400 normal>) = 10.05
2020-05-26 22:47:50,550 [DEBUG] findfont: score(<Font 'Heiti TC' (STHeiti Medium.ttc) normal normal medium normal>) = 10.145
2020-05-26 22:47:50,550 [DEBUG] findfont: score(<Font 'AppleMyungjo' (AppleMyungjo.ttf) normal normal regular normal>) = 10.05
2020-05-26 22:47:50,550 [DEBUG] findfont: score(<Font 'PT Sans' (PTSans.ttc) normal normal 400 normal>) = 10.05
2020-05-26 22:47:50,550 [DEBUG] findfont: score(<Font 'Raanana' (Raanana.ttc) normal normal 400 normal>) = 10.05
2020-05-26 22:47:50,550 [DEBUG] findfont: score(<Font 'System Font' (SFNSDisplay-LightItalic.otf) italic normal light normal>) = 11.24
2020-05-26 22:47:50,551 [DEBUG] findfont: score(<Font '.SF Compact Rounded' (SFCompactRounded-Ultralight.otf) normal normal ultralight normal>) = 10.335
2020-05-26 22:47:50,551 [DEBUG] findfont: score(<Font 'Trebuchet MS' (Trebuchet MS.ttf) normal normal 400 normal>) = 10.05
2020-05-26 22:47:50,551 [DEBUG] findfont: score(<Font 'Kokonor' (Kokonor.ttf) normal normal regular normal>) = 10.05
2020-05-26 22:47:50,551 [DEBUG] findfont: score(<Font 'Rockwell' (Rockwell.ttc) normal normal 400 normal>) = 10.05
2020-05-26 22:47:50,551 [DEBUG] findfont: score(<Font 'Iowan Old Style' (Iowan Old Style.ttc) normal normal roman normal>) = 10.145
2020-05-26 22:47:50,551 [DEBUG] findfont: score(<Font 'Arial Black' (Arial Black.ttf) normal normal black normal>) = 10.525
2020-05-26 22:47:50,551 [DEBUG] findfont: score(<Font 'Wingdings 3' (Wingdings 3.ttf) normal normal 400 normal>) = 10.05
2020-05-26 22:47:50,551 [DEBUG] findfont: score(<Font '.SF Compact Rounded' (SFCompactRounded-Heavy.otf) normal normal heavy normal>) = 10.43
2020-05-26 22:47:50,551 [DEBUG] findfont: score(<Font 'STIXGeneral' (STIXGeneralBol.otf) normal normal bold normal>) = 10.335
2020-05-26 22:47:50,551 [DEBUG] findfont: score(<Font 'Hiragino Sans' (ヒラギノ角ゴシック W4.ttc) normal normal 400 normal>) = 10.05
2020-05-26 22:47:50,552 [DEBUG] findfont: score(<Font 'SauceCodePro Nerd Font' (Sauce Code Pro ExtraLight Italic Nerd Font Complete.ttf) italic normal light normal>) = 11.24
2020-05-26 22:47:50,552 [DEBUG] findfont: score(<Font 'Trebuchet MS' (Trebuchet MS Italic.ttf) italic normal 400 normal>) = 11.05
2020-05-26 22:47:50,552 [DEBUG] findfont: score(<Font 'Microsoft Sans Serif' (Microsoft Sans Serif.ttf) normal normal 400 normal>) = 10.05
2020-05-26 22:47:50,552 [DEBUG] findfont: score(<Font 'STIXSizeFourSym' (STIXSizFourSymBol.otf) normal normal bold normal>) = 10.335
2020-05-26 22:47:50,552 [DEBUG] findfont: score(<Font 'STIXSizeFiveSym' (STIXSizFiveSymReg.otf) normal normal regular normal>) = 10.05
2020-05-26 22:47:50,552 [DEBUG] findfont: score(<Font 'STIXNonUnicode' (STIXNonUniBolIta.otf) italic normal bold normal>) = 11.335
2020-05-26 22:47:50,552 [DEBUG] findfont: score(<Font '.Helvetica Neue DeskInterface' (HelveticaNeueDeskInterface.ttc) normal normal regular normal>) = 10.05
2020-05-26 22:47:50,552 [DEBUG] findfont: score(<Font 'System Font' (SFNSDisplay-SemiboldItalic.otf) italic normal semibold normal>) = 11.24
2020-05-26 22:47:50,552 [DEBUG] findfont: score(<Font 'Lucida Grande' (LucidaGrande.ttc) normal normal 400 normal>) = 2.777272727272727
2020-05-26 22:47:50,553 [DEBUG] findfont: score(<Font 'Times New Roman' (Times New Roman Bold Italic.ttf) italic normal roman normal>) = 11.145
2020-05-26 22:47:50,553 [DEBUG] findfont: score(<Font 'PingFang HK' (PingFang.ttc) normal normal regular normal>) = 10.05
2020-05-26 22:47:50,553 [DEBUG] findfont: score(<Font 'Bradley Hand' (Bradley Hand Bold.ttf) normal normal bold normal>) = 10.335
2020-05-26 22:47:50,553 [DEBUG] findfont: score(<Font 'System Font' (SFNSText.ttf) normal normal 400 normal>) = 10.05
2020-05-26 22:47:50,553 [DEBUG] findfont: score(<Font '.SF Compact Display' (SFCompactDisplay-Semibold.otf) normal normal semibold normal>) = 10.24
2020-05-26 22:47:50,553 [DEBUG] findfont: score(<Font 'Hiragino Mincho ProN' (ヒラギノ明朝 ProN.ttc) normal normal 400 normal>) = 10.05
2020-05-26 22:47:50,553 [DEBUG] findfont: score(<Font 'Athelas' (Athelas.ttc) normal normal regular normal>) = 10.05
2020-05-26 22:47:50,553 [DEBUG] findfont: score(<Font 'STIXGeneral' (STIXGeneral.otf) normal normal regular normal>) = 10.05
2020-05-26 22:47:50,553 [DEBUG] findfont: score(<Font '.Arabic UI Display' (ArabicUIDisplay.ttc) normal normal black normal>) = 10.525
2020-05-26 22:47:50,554 [DEBUG] findfont: score(<Font 'System Font' (SFNSDisplay-ThinG1.otf) normal normal 400 normal>) = 10.05
2020-05-26 22:47:50,554 [DEBUG] findfont: score(<Font 'SauceCodePro Nerd Font' (Sauce Code Pro ExtraLight Nerd Font Complete.ttf) normal normal light normal>) = 10.24
2020-05-26 22:47:50,554 [DEBUG] findfont: score(<Font 'SauceCodePro Nerd Font' (Sauce Code Pro Medium Nerd Font Complete.ttf) normal normal medium normal>) = 10.145
2020-05-26 22:47:50,554 [DEBUG] findfont: score(<Font 'STIXGeneral' (STIXGeneralBolIta.otf) italic normal bold normal>) = 11.335
2020-05-26 22:47:50,554 [DEBUG] findfont: score(<Font 'System Font' (SFNSTextItalic.ttf) italic normal 400 normal>) = 11.05
2020-05-26 22:47:50,554 [DEBUG] findfont: score(<Font 'Baghdad' (Baghdad.ttc) normal normal regular normal>) = 10.05
2020-05-26 22:47:50,554 [DEBUG] findfont: score(<Font 'Times New Roman' (Times New Roman.ttf) normal normal roman normal>) = 10.145
2020-05-26 22:47:50,554 [DEBUG] findfont: score(<Font 'Helvetica' (Helvetica.ttc) normal normal 400 normal>) = 7.322727272727273
2020-05-26 22:47:50,554 [DEBUG] findfont: score(<Font 'SauceCodePro Nerd Font' (Sauce Code Pro Bold Italic Nerd Font Complete.ttf) italic normal bold normal>) = 11.335
2020-05-26 22:47:50,555 [DEBUG] findfont: score(<Font '.SF Compact Text' (SFCompactText-Medium.otf) normal normal medium normal>) = 10.145
2020-05-26 22:47:50,555 [DEBUG] findfont: score(<Font 'Sinhala Sangam MN' (Sinhala Sangam MN.ttc) normal normal 400 normal>) = 10.05
2020-05-26 22:47:50,555 [DEBUG] findfont: score(<Font 'Hiragino Sans' (ヒラギノ角ゴシック W3.ttc) normal normal 400 normal>) = 10.05
2020-05-26 22:47:50,555 [DEBUG] findfont: score(<Font 'STIXIntegralsUp' (STIXIntUpReg.otf) normal normal regular normal>) = 10.05
2020-05-26 22:47:50,555 [DEBUG] findfont: score(<Font 'Malayalam Sangam MN' (Malayalam Sangam MN.ttc) normal normal 400 normal>) = 10.05
2020-05-26 22:47:50,555 [DEBUG] findfont: score(<Font 'Oriya Sangam MN' (Oriya Sangam MN.ttc) normal normal 400 normal>) = 10.05
2020-05-26 22:47:50,555 [DEBUG] findfont: score(<Font '.SF Compact Text' (SFCompactText-Bold.otf) normal normal bold normal>) = 10.335
2020-05-26 22:47:50,555 [DEBUG] findfont: score(<Font 'SauceCodePro Nerd Font' (Sauce Code Pro Semibold Nerd Font Complete.ttf) normal normal semibold normal>) = 10.24
2020-05-26 22:47:50,556 [DEBUG] findfont: score(<Font '.SF Compact Text' (SFCompactText-SemiboldItalic.otf) italic normal semibold normal>) = 11.24
2020-05-26 22:47:50,556 [DEBUG] findfont: score(<Font 'Myanmar MN' (Myanmar MN.ttc) normal normal 400 normal>) = 10.05
2020-05-26 22:47:50,556 [DEBUG] findfont: score(<Font 'Courier New' (Courier New Bold Italic.ttf) italic normal bold normal>) = 11.335
2020-05-26 22:47:50,556 [DEBUG] findfont: score(<Font 'Hiragino Sans GB' (Hiragino Sans GB.ttc) normal normal 400 normal>) = 10.05
2020-05-26 22:47:50,556 [DEBUG] findfont: score(<Font 'Lao Sangam MN' (Lao Sangam MN.ttf) normal normal 400 normal>) = 10.05
2020-05-26 22:47:50,556 [DEBUG] findfont: score(<Font 'Helvetica Neue' (HelveticaNeue.ttc) normal normal 400 normal>) = 10.05
2020-05-26 22:47:50,556 [DEBUG] findfont: score(<Font 'Euphemia UCAS' (EuphemiaCAS.ttc) normal normal 400 normal>) = 10.05
2020-05-26 22:47:50,556 [DEBUG] findfont: score(<Font '.SF NS Symbols' (SFNSSymbols-Light.otf) normal normal light normal>) = 10.24
2020-05-26 22:47:50,556 [DEBUG] findfont: score(<Font 'Times New Roman' (Times New Roman Bold.ttf) normal normal roman normal>) = 10.145
2020-05-26 22:47:50,557 [DEBUG] findfont: score(<Font 'Skia' (Skia.ttf) normal normal 400 normal>) = 10.05
2020-05-26 22:47:50,557 [DEBUG] findfont: score(<Font 'Telugu MN' (Telugu MN.ttc) normal normal 400 normal>) = 10.05
2020-05-26 22:47:50,557 [DEBUG] findfont: score(<Font 'InaiMathi' (InaiMathi-MN.ttc) normal normal 400 normal>) = 10.05
2020-05-26 22:47:50,557 [DEBUG] findfont: score(<Font 'Avenir Next Condensed' (Avenir Next Condensed.ttc) normal normal bold condensed>) = 10.535
2020-05-26 22:47:50,557 [DEBUG] findfont: score(<Font 'Kannada MN' (Kannada MN.ttc) normal normal 400 normal>) = 10.05
2020-05-26 22:47:50,557 [DEBUG] findfont: score(<Font 'DecoType Naskh' (DecoTypeNaskh.ttc) normal normal regular normal>) = 10.05
2020-05-26 22:47:50,557 [DEBUG] findfont: score(<Font '.SF Compact Text' (SFCompactText-MediumItalic.otf) italic normal medium normal>) = 11.145
2020-05-26 22:47:50,557 [DEBUG] findfont: score(<Font '.SF NS Rounded' (SFNSRounded.ttf) normal normal 400 normal>) = 10.05
2020-05-26 22:47:50,557 [DEBUG] findfont: score(<Font 'SauceCodePro Nerd Font' (Sauce Code Pro Nerd Font Complete.ttf) normal normal 400 normal>) = 10.05
2020-05-26 22:47:50,557 [DEBUG] findfont: score(<Font 'Kohinoor Telugu' (KohinoorTelugu.ttc) normal normal 400 normal>) = 10.05
2020-05-26 22:47:50,558 [DEBUG] findfont: score(<Font 'Mishafi' (Mishafi.ttf) normal normal regular normal>) = 10.05
2020-05-26 22:47:50,558 [DEBUG] findfont: score(<Font 'Bodoni Ornaments' (Bodoni Ornaments.ttf) normal normal 400 normal>) = 10.05
2020-05-26 22:47:50,558 [DEBUG] findfont: score(<Font 'Herculanum' (Herculanum.ttf) normal normal 400 normal>) = 10.05
2020-05-26 22:47:50,558 [DEBUG] findfont: score(<Font '.Aqua Kana' (AquaKana.ttc) normal normal 400 normal>) = 10.05
2020-05-26 22:47:50,558 [DEBUG] findfont: score(<Font '.SF Compact Text' (SFCompactText-RegularItalic.otf) italic normal 400 normal>) = 11.05
2020-05-26 22:47:50,558 [DEBUG] findfont: score(<Font 'Apple Symbols' (Apple Symbols.ttf) normal normal 400 normal>) = 10.05
2020-05-26 22:47:50,558 [DEBUG] findfont: score(<Font 'Georgia' (Georgia.ttf) normal normal 400 normal>) = 10.05
2020-05-26 22:47:50,558 [DEBUG] findfont: score(<Font 'STIXSizeThreeSym' (STIXSizThreeSymReg.otf) normal normal regular normal>) = 10.05
2020-05-26 22:47:50,558 [DEBUG] findfont: score(<Font 'Sana' (Sana.ttc) normal normal regular normal>) = 10.05
2020-05-26 22:47:50,558 [DEBUG] findfont: score(<Font 'Hiragino Sans' (ヒラギノ角ゴシック W5.ttc) normal normal 700 normal>) = 10.335
2020-05-26 22:47:50,559 [DEBUG] findfont: score(<Font 'Hiragino Sans' (ヒラギノ角ゴシック W1.ttc) normal normal 400 normal>) = 10.05
2020-05-26 22:47:50,559 [DEBUG] findfont: score(<Font 'Krungthep' (Krungthep.ttf) normal normal 400 normal>) = 10.05
2020-05-26 22:47:50,559 [DEBUG] findfont: score(<Font 'Big Caslon' (BigCaslon.ttf) normal normal medium normal>) = 10.145
2020-05-26 22:47:50,559 [DEBUG] findfont: score(<Font 'Chalkboard SE' (ChalkboardSE.ttc) normal normal light normal>) = 10.24
2020-05-26 22:47:50,559 [DEBUG] findfont: score(<Font '.SF NS Text Condensed' (SFNSTextCondensed-Medium.otf) normal normal medium condensed>) = 10.344999999999999
2020-05-26 22:47:50,559 [DEBUG] findfont: score(<Font 'Trebuchet MS' (Trebuchet MS Bold Italic.ttf) italic normal bold normal>) = 11.335
2020-05-26 22:47:50,559 [DEBUG] findfont: score(<Font 'STIXSizeThreeSym' (STIXSizThreeSymBol.otf) normal normal bold normal>) = 10.335
2020-05-26 22:47:50,559 [DEBUG] findfont: score(<Font 'Telugu Sangam MN' (Telugu Sangam MN.ttc) normal normal 400 normal>) = 10.05
2020-05-26 22:47:50,559 [DEBUG] findfont: score(<Font 'STIXGeneral' (STIXGeneralItalic.otf) italic normal 400 normal>) = 11.05
2020-05-26 22:47:50,560 [DEBUG] findfont: score(<Font '.LastResort' (LastResort.otf) normal normal 400 normal>) = 10.05
2020-05-26 22:47:50,560 [DEBUG] findfont: score(<Font 'Thonburi' (Thonburi.ttc) normal normal 400 normal>) = 10.05
2020-05-26 22:47:50,560 [DEBUG] findfont: score(<Font 'Arial Hebrew' (ArialHB.ttc) normal normal 400 normal>) = 10.05
2020-05-26 22:47:50,560 [DEBUG] findfont: score(<Font 'Charter' (Charter.ttc) normal normal roman normal>) = 10.145
2020-05-26 22:47:50,560 [DEBUG] findfont: score(<Font 'Georgia' (Georgia Bold Italic.ttf) italic normal bold normal>) = 11.335
2020-05-26 22:47:50,560 [DEBUG] findfont: score(<Font 'Cochin' (Cochin.ttc) normal normal 400 normal>) = 10.05
2020-05-26 22:47:50,560 [DEBUG] findfont: score(<Font 'Chalkduster' (Chalkduster.ttf) normal normal 400 normal>) = 10.05
2020-05-26 22:47:50,560 [DEBUG] findfont: score(<Font 'Kefa' (Kefa.ttc) normal normal regular normal>) = 10.05
2020-05-26 22:47:50,560 [DEBUG] findfont: score(<Font 'Devanagari Sangam MN' (Devanagari Sangam MN.ttc) normal normal 400 normal>) = 10.05
2020-05-26 22:47:50,560 [DEBUG] findfont: score(<Font 'Futura' (Futura.ttc) normal normal medium normal>) = 10.145
2020-05-26 22:47:50,561 [DEBUG] findfont: score(<Font 'Tamil MN' (Tamil MN.ttc) normal normal 400 normal>) = 10.05
2020-05-26 22:47:50,561 [DEBUG] findfont: score(<Font 'Bodoni 72 Smallcaps' (Bodoni 72 Smallcaps Book.ttf) normal normal book normal>) = 10.05
2020-05-26 22:47:50,561 [DEBUG] findfont: score(<Font 'Arial' (Arial.ttf) normal normal 400 normal>) = 6.413636363636363
2020-05-26 22:47:50,561 [DEBUG] findfont: score(<Font 'Snell Roundhand' (SnellRoundhand.ttc) normal normal 400 normal>) = 10.05
2020-05-26 22:47:50,561 [DEBUG] findfont: score(<Font 'Beirut' (Beirut.ttc) normal normal regular normal>) = 10.05
2020-05-26 22:47:50,561 [DEBUG] findfont: score(<Font '.SF NS Display Condensed' (SFNSDisplayCondensed-Ultralight.otf) normal normal ultralight condensed>) = 10.535
2020-05-26 22:47:50,561 [DEBUG] findfont: score(<Font '.SF NS Display Condensed' (SFNSDisplayCondensed-Black.otf) normal normal black condensed>) = 10.725
2020-05-26 22:47:50,561 [DEBUG] findfont: score(<Font '.SF Compact Text' (SFCompactText-Heavy.otf) normal normal heavy normal>) = 10.43
2020-05-26 22:47:50,561 [DEBUG] findfont: score(<Font 'STIXNonUnicode' (STIXNonUni.otf) normal normal regular normal>) = 10.05
2020-05-26 22:47:50,561 [DEBUG] findfont: score(<Font '.SF Compact Text' (SFCompactText-Semibold.otf) normal normal semibold normal>) = 10.24
2020-05-26 22:47:50,562 [DEBUG] findfont: score(<Font '.SF Compact Display' (SFCompactDisplay-Thin.otf) normal normal 400 normal>) = 10.05
2020-05-26 22:47:50,562 [DEBUG] findfont: score(<Font 'Kohinoor Devanagari' (Kohinoor.ttc) normal normal regular normal>) = 10.05
2020-05-26 22:47:50,562 [DEBUG] findfont: score(<Font 'Apple Braille' (Apple Braille Outline 8 Dot.ttf) normal normal 400 normal>) = 10.05
2020-05-26 22:47:50,562 [DEBUG] findfont: score(<Font 'SauceCodePro Nerd Font' (Sauce Code Pro Bold Nerd Font Complete.ttf) normal normal bold normal>) = 10.335
2020-05-26 22:47:50,562 [DEBUG] findfont: score(<Font 'System Font' (SFNSDisplay-BlackItalic.otf) italic normal black normal>) = 11.525
2020-05-26 22:47:50,562 [DEBUG] findfont: score(<Font 'Tahoma' (Tahoma.ttf) normal normal 400 normal>) = 10.05
2020-05-26 22:47:50,562 [DEBUG] findfont: score(<Font 'Damascus' (Damascus.ttc) normal normal regular normal>) = 10.05
2020-05-26 22:47:50,562 [DEBUG] findfont: score(<Font 'System Font' (SFNSDisplay-ThinG4.otf) normal normal 400 normal>) = 10.05
2020-05-26 22:47:50,562 [DEBUG] findfont: score(<Font 'Gujarati Sangam MN' (Gujarati Sangam MN.ttc) normal normal 400 normal>) = 10.05
2020-05-26 22:47:50,562 [DEBUG] findfont: score(<Font 'Times' (Times.ttc) normal normal roman normal>) = 10.145
2020-05-26 22:47:50,563 [DEBUG] findfont: score(<Font 'System Font' (SFNSDisplay-ThinG2.otf) normal normal 400 normal>) = 10.05
2020-05-26 22:47:50,563 [DEBUG] findfont: score(<Font 'STIXIntegralsUpD' (STIXIntUpDReg.otf) normal normal regular normal>) = 10.05
2020-05-26 22:47:50,563 [DEBUG] findfont: score(<Font 'Apple Chancery' (Apple Chancery.ttf) normal normal 400 normal>) = 10.05
2020-05-26 22:47:50,563 [DEBUG] findfont: score(<Font 'SauceCodePro Nerd Font' (Sauce Code Pro Black Nerd Font Complete.ttf) normal normal black normal>) = 10.525
2020-05-26 22:47:50,563 [DEBUG] findfont: score(<Font 'STIXVariants' (STIXVarBol.otf) normal normal bold normal>) = 10.335
2020-05-26 22:47:50,563 [DEBUG] findfont: score(<Font 'Al Bayan' (AlBayan.ttc) normal normal 400 normal>) = 10.05
2020-05-26 22:47:50,563 [DEBUG] findfont: score(<Font 'STIXIntegralsSm' (STIXIntSmBol.otf) normal normal bold normal>) = 10.335
2020-05-26 22:47:50,563 [DEBUG] findfont: score(<Font '.SF NS Symbols' (SFNSSymbols-Regular.otf) normal normal regular normal>) = 10.05
2020-05-26 22:47:50,563 [DEBUG] findfont: score(<Font 'Gurmukhi Sangam MN' (Gurmukhi Sangam MN.ttc) normal normal 400 normal>) = 10.05
2020-05-26 22:47:50,563 [DEBUG] findfont: score(<Font 'Comic Sans MS' (Comic Sans MS Bold.ttf) normal normal bold normal>) = 10.335
2020-05-26 22:47:50,564 [DEBUG] findfont: score(<Font 'AppleGothic' (AppleGothic.ttf) normal normal regular normal>) = 10.05
2020-05-26 22:47:50,564 [DEBUG] findfont: score(<Font 'Webdings' (Webdings.ttf) normal normal 400 normal>) = 10.05
2020-05-26 22:47:50,564 [DEBUG] findfont: score(<Font 'Avenir' (Avenir.ttc) normal normal book normal>) = 10.05
2020-05-26 22:47:50,564 [DEBUG] findfont: score(<Font 'PT Serif' (PTSerif.ttc) normal normal 400 normal>) = 10.05
2020-05-26 22:47:50,564 [DEBUG] findfont: score(<Font 'Arial Unicode MS' (Arial Unicode.ttf) normal normal 400 normal>) = 10.05
2020-05-26 22:47:50,564 [DEBUG] findfont: score(<Font 'Arial' (Arial Bold Italic.ttf) italic normal bold normal>) = 7.698636363636363
2020-05-26 22:47:50,564 [DEBUG] findfont: score(<Font 'Plantagenet Cherokee' (PlantagenetCherokee.ttf) normal normal 400 normal>) = 10.05
2020-05-26 22:47:50,564 [DEBUG] findfont: score(<Font 'Kailasa' (Kailasa.ttc) normal normal regular normal>) = 10.05
2020-05-26 22:47:50,564 [DEBUG] findfont: score(<Font 'Arial Rounded MT Bold' (Arial Rounded Bold.ttf) normal normal bold normal>) = 10.335
2020-05-26 22:47:50,564 [DEBUG] findfont: score(<Font 'American Typewriter' (AmericanTypewriter.ttc) normal normal 400 normal>) = 10.05
2020-05-26 22:47:50,565 [DEBUG] findfont: score(<Font 'Luminari' (Luminari.ttf) normal normal 400 normal>) = 10.05
2020-05-26 22:47:50,565 [DEBUG] findfont: score(<Font 'Al Tarikh' (Al Tarikh.ttc) normal normal regular normal>) = 10.05
2020-05-26 22:47:50,565 [DEBUG] findfont: score(<Font '.SF Compact Rounded' (SFCompactRounded-Medium.otf) normal normal medium normal>) = 10.145
2020-05-26 22:47:50,565 [DEBUG] findfont: score(<Font 'Noto Nastaliq Urdu' (NotoNastaliq.ttc) normal normal 400 normal>) = 10.05
2020-05-26 22:47:50,565 [DEBUG] findfont: score(<Font '.SF Compact Display' (SFCompactDisplay-Ultralight.otf) normal normal ultralight normal>) = 10.335
2020-05-26 22:47:50,565 [DEBUG] findfont: score(<Font 'STIXIntegralsUpD' (STIXIntUpDBol.otf) normal normal bold normal>) = 10.335
2020-05-26 22:47:50,565 [DEBUG] findfont: score(<Font '.SF Compact Rounded' (SFCompactRounded-Regular.otf) normal normal regular normal>) = 10.05
2020-05-26 22:47:50,565 [DEBUG] findfont: score(<Font 'Khmer MN' (Khmer MN.ttc) normal normal 400 normal>) = 10.05
2020-05-26 22:47:50,565 [DEBUG] findfont: score(<Font 'STIXSizeTwoSym' (STIXSizTwoSymBol.otf) normal normal bold normal>) = 10.335
2020-05-26 22:47:50,566 [DEBUG] findfont: score(<Font '.SF NS Display Condensed' (SFNSDisplayCondensed-Bold.otf) normal normal bold condensed>) = 10.535
2020-05-26 22:47:50,566 [DEBUG] findfont: score(<Font 'Chalkboard' (Chalkboard.ttc) normal normal 400 normal>) = 10.05
2020-05-26 22:47:50,567 [DEBUG] findfont: score(<Font '.SF NS Symbols' (SFNSSymbols-Semibold.otf) normal normal semibold normal>) = 10.24
2020-05-26 22:47:50,567 [DEBUG] findfont: score(<Font 'Marion' (Marion.ttc) normal normal regular normal>) = 10.05
2020-05-26 22:47:50,568 [DEBUG] findfont: score(<Font 'Verdana' (Verdana Italic.ttf) italic normal 400 normal>) = 4.6863636363636365
2020-05-26 22:47:50,568 [DEBUG] findfont: score(<Font 'DIN Condensed' (DIN Condensed Bold.ttf) normal normal bold condensed>) = 10.535
2020-05-26 22:47:50,568 [DEBUG] findfont: score(<Font 'Arial' (Arial Italic.ttf) italic normal 400 normal>) = 7.413636363636363
2020-05-26 22:47:50,568 [DEBUG] findfont: score(<Font 'SauceCodePro Nerd Font' (Sauce Code Pro Light Nerd Font Complete.ttf) normal normal light normal>) = 10.24
2020-05-26 22:47:50,569 [DEBUG] findfont: score(<Font 'Copperplate' (Copperplate.ttc) normal normal 400 normal>) = 10.05
2020-05-26 22:47:50,569 [DEBUG] findfont: score(<Font 'New Peninim MT' (NewPeninimMT.ttc) normal normal 400 normal>) = 10.05
2020-05-26 22:47:50,569 [DEBUG] findfont: score(<Font 'Sinhala MN' (Sinhala MN.ttc) normal normal 400 normal>) = 10.05
2020-05-26 22:47:50,569 [DEBUG] findfont: score(<Font 'Geeza Pro' (GeezaPro.ttc) normal normal regular normal>) = 10.05
2020-05-26 22:47:50,569 [DEBUG] findfont: score(<Font 'SignPainter' (SignPainter.ttc) normal normal 400 normal>) = 10.05
2020-05-26 22:47:50,569 [DEBUG] findfont: score(<Font '.SF NS Display Condensed' (SFNSDisplayCondensed-Thin.otf) normal normal 400 condensed>) = 10.25
2020-05-26 22:47:50,569 [DEBUG] findfont: score(<Font 'Diwan Kufi' (Diwan Kufi.ttc) normal normal regular normal>) = 10.05
2020-05-26 22:47:50,570 [DEBUG] findfont: score(<Font 'STIXIntegralsUp' (STIXIntUpBol.otf) normal normal bold normal>) = 10.335
2020-05-26 22:47:50,570 [DEBUG] findfont: score(<Font 'Tahoma' (Tahoma Bold.ttf) normal normal bold normal>) = 10.335
2020-05-26 22:47:50,570 [DEBUG] findfont: score(<Font 'Kohinoor Bangla' (KohinoorBangla.ttc) normal normal 400 normal>) = 10.05
2020-05-26 22:47:50,570 [DEBUG] findfont: score(<Font 'Diwan Thuluth' (Diwan Thuluth.ttf) normal normal regular normal>) = 10.05
2020-05-26 22:47:50,570 [DEBUG] findfont: score(<Font 'Symbol' (Symbol.ttf) normal normal 400 normal>) = 10.05
2020-05-26 22:47:50,570 [DEBUG] findfont: score(<Font 'Georgia' (Georgia Bold.ttf) normal normal bold normal>) = 10.335
2020-05-26 22:47:50,570 [DEBUG] findfont: score(<Font 'Gurmukhi MT' (Gurmukhi.ttf) normal normal 400 normal>) = 10.05
2020-05-26 22:47:50,570 [DEBUG] findfont: score(<Font 'Shree Devanagari 714' (Shree714.ttc) normal normal 400 normal>) = 10.05
2020-05-26 22:47:50,570 [DEBUG] findfont: score(<Font '.Keyboard' (Keyboard.ttf) normal normal 400 normal>) = 10.05
2020-05-26 22:47:50,570 [DEBUG] findfont: score(<Font 'Seravek' (Seravek.ttc) normal normal 400 normal>) = 10.05
2020-05-26 22:47:50,571 [DEBUG] findfont: score(<Font 'System Font' (SFNSDisplay-ThinItalic.otf) italic normal 400 normal>) = 11.05
2020-05-26 22:47:50,571 [DEBUG] findfont: score(<Font 'Trattatello' (Trattatello.ttf) normal normal 400 normal>) = 10.05
2020-05-26 22:47:50,571 [DEBUG] findfont: score(<Font 'Noteworthy' (Noteworthy.ttc) normal normal light normal>) = 10.24
2020-05-26 22:47:50,571 [DEBUG] findfont: score(<Font 'Courier New' (Courier New Italic.ttf) italic normal 400 normal>) = 11.05
2020-05-26 22:47:50,571 [DEBUG] findfont: score(<Font '.SF Compact Rounded' (SFCompactRounded-Semibold.otf) normal normal semibold normal>) = 10.24
2020-05-26 22:47:50,571 [DEBUG] findfont: score(<Font 'SauceCodePro Nerd Font' (Sauce Code Pro Black Italic Nerd Font Complete.ttf) italic normal black normal>) = 11.525
2020-05-26 22:47:50,571 [DEBUG] findfont: score(<Font '.SF Compact Display' (SFCompactDisplay-Heavy.otf) normal normal heavy normal>) = 10.43
2020-05-26 22:47:50,571 [DEBUG] findfont: score(<Font 'Palatino' (Palatino.ttc) normal normal 400 normal>) = 10.05
2020-05-26 22:47:50,571 [DEBUG] findfont: score(<Font '.SF NS Symbols' (SFNSSymbols-Thin.otf) normal normal 400 normal>) = 10.05
2020-05-26 22:47:50,571 [DEBUG] findfont: score(<Font '.SF NS Display Condensed' (SFNSDisplayCondensed-Semibold.otf) normal normal semibold condensed>) = 10.44
2020-05-26 22:47:50,572 [DEBUG] findfont: score(<Font '.SF NS Text Condensed' (SFNSTextCondensed-Bold.otf) normal normal bold condensed>) = 10.535
2020-05-26 22:47:50,572 [DEBUG] findfont: score(<Font 'SauceCodePro Nerd Font' (Sauce Code Pro Medium Italic Nerd Font Complete.ttf) italic normal medium normal>) = 11.145
2020-05-26 22:47:50,572 [DEBUG] findfont: score(<Font 'Muna' (Muna.ttc) normal normal regular normal>) = 10.05
2020-05-26 22:47:50,572 [DEBUG] findfont: score(<Font 'Mshtakan' (Mshtakan.ttc) normal normal 400 normal>) = 10.05
2020-05-26 22:47:50,572 [DEBUG] findfont: score(<Font 'Bangla MN' (Bangla MN.ttc) normal normal 400 normal>) = 10.05
2020-05-26 22:47:50,572 [DEBUG] findfont: score(<Font '.SF Compact Text' (SFCompactText-LightItalic.otf) italic normal light normal>) = 11.24
2020-05-26 22:47:50,572 [DEBUG] findfont: score(<Font '.SF Compact Text' (SFCompactText-HeavyItalic.otf) italic normal heavy normal>) = 11.43
2020-05-26 22:47:50,572 [DEBUG] findfont: score(<Font 'Arial' (Arial Bold.ttf) normal normal bold normal>) = 6.698636363636363
2020-05-26 22:47:50,572 [DEBUG] findfont: score(<Font 'Hiragino Sans' (ヒラギノ角ゴシック W9.ttc) normal normal 700 normal>) = 10.335
2020-05-26 22:47:50,572 [DEBUG] findfont: score(<Font 'STIXIntegralsD' (STIXIntDBol.otf) normal normal bold normal>) = 10.335
2020-05-26 22:47:50,573 [DEBUG] findfont: score(<Font 'Al Nile' (Al Nile.ttc) normal normal 400 normal>) = 10.05
2020-05-26 22:47:50,573 [DEBUG] findfont: score(<Font 'Sukhumvit Set' (SukhumvitSet.ttc) normal normal 400 normal>) = 10.05
2020-05-26 22:47:50,573 [DEBUG] findfont: score(<Font '.SF NS Symbols' (SFNSSymbols-Black.otf) normal normal black normal>) = 10.525
2020-05-26 22:47:50,573 [DEBUG] findfont: score(<Font 'System Font' (SFNSDisplay-HeavyItalic.otf) italic normal heavy normal>) = 11.43
2020-05-26 22:47:50,573 [DEBUG] findfont: score(<Font 'Gill Sans' (GillSans.ttc) normal normal 400 normal>) = 10.05
2020-05-26 22:47:50,573 [DEBUG] findfont: score(<Font '.SF NS Display Condensed' (SFNSDisplayCondensed-Regular.otf) normal normal regular condensed>) = 10.25
2020-05-26 22:47:50,573 [DEBUG] findfont: score(<Font 'Gujarati MT' (GujaratiMT.ttc) normal normal 400 normal>) = 10.05
2020-05-26 22:47:50,573 [DEBUG] findfont: score(<Font 'Verdana' (Verdana Bold Italic.ttf) italic normal bold normal>) = 4.971363636363637
2020-05-26 22:47:50,573 [DEBUG] findfont: score(<Font 'Baskerville' (Baskerville.ttc) normal normal 400 normal>) = 10.05
2020-05-26 22:47:50,573 [DEBUG] findfont: score(<Font 'Avenir Next' (Avenir Next.ttc) normal normal bold normal>) = 10.335
2020-05-26 22:47:50,574 [DEBUG] findfont: score(<Font 'SauceCodePro Nerd Font' (Sauce Code Pro Semibold Italic Nerd Font Complete.ttf) italic normal semibold normal>) = 11.24
2020-05-26 22:47:50,574 [DEBUG] findfont: score(<Font 'STIXVariants' (STIXVar.otf) normal normal regular normal>) = 10.05
2020-05-26 22:47:50,574 [DEBUG] findfont: score(<Font '.SF Compact Display' (SFCompactDisplay-Medium.otf) normal normal medium normal>) = 10.145
2020-05-26 22:47:50,574 [DEBUG] findfont: score(<Font 'System Font' (SFNSDisplay-UltralightItalic.otf) italic normal ultralight normal>) = 11.335
2020-05-26 22:47:50,574 [DEBUG] findfont: score(<Font 'Georgia' (Georgia Italic.ttf) italic normal 400 normal>) = 11.05
2020-05-26 22:47:50,574 [DEBUG] findfont: score(<Font 'STIXNonUnicode' (STIXNonUniBol.otf) normal normal bold normal>) = 10.335
2020-05-26 22:47:50,574 [DEBUG] findfont: score(<Font 'DIN Alternate' (DIN Alternate Bold.ttf) normal normal bold normal>) = 10.335
2020-05-26 22:47:50,574 [DEBUG] findfont: score(<Font 'Khmer Sangam MN' (Khmer Sangam MN.ttf) normal normal 400 normal>) = 10.05
2020-05-26 22:47:50,574 [DEBUG] findfont: score(<Font 'Apple Braille' (Apple Braille Pinpoint 6 Dot.ttf) normal normal 400 normal>) = 10.05
2020-05-26 22:47:50,574 [DEBUG] findfont: Matching :family=sans-serif:style=normal:variant=normal:weight=normal:stretch=normal:size=12.0 to DejaVu Sans ('/usr/local/Cellar/python@3.6/3.6.9_3/Frameworks/Python.framework/Versions/3.6/lib/python3.6/site-packages/matplotlib/mpl-data/fonts/ttf/DejaVuSans.ttf') with score of 0.050000.
2020-05-26 22:47:50,618 [DEBUG] findfont: Matching :family=sans-serif:style=normal:variant=normal:weight=normal:stretch=normal:size=10.0.
2020-05-26 22:47:50,618 [DEBUG] findfont: score(<Font 'DejaVu Sans' (DejaVuSans-Bold.ttf) normal normal bold normal>) = 0.33499999999999996
2020-05-26 22:47:50,618 [DEBUG] findfont: score(<Font 'DejaVu Serif' (DejaVuSerif-Italic.ttf) italic normal 400 normal>) = 11.05
2020-05-26 22:47:50,618 [DEBUG] findfont: score(<Font 'STIXGeneral' (STIXGeneralBol.ttf) normal normal bold normal>) = 10.335
2020-05-26 22:47:50,618 [DEBUG] findfont: score(<Font 'DejaVu Serif' (DejaVuSerif-Bold.ttf) normal normal bold normal>) = 10.335
2020-05-26 22:47:50,619 [DEBUG] findfont: score(<Font 'DejaVu Sans' (DejaVuSans.ttf) normal normal 400 normal>) = 0.05
2020-05-26 22:47:50,619 [DEBUG] findfont: score(<Font 'DejaVu Serif' (DejaVuSerif-BoldItalic.ttf) italic normal bold normal>) = 11.335
2020-05-26 22:47:50,619 [DEBUG] findfont: score(<Font 'STIXSizeThreeSym' (STIXSizThreeSymReg.ttf) normal normal regular normal>) = 10.05
2020-05-26 22:47:50,619 [DEBUG] findfont: score(<Font 'cmmi10' (cmmi10.ttf) normal normal 400 normal>) = 10.05
2020-05-26 22:47:50,619 [DEBUG] findfont: score(<Font 'DejaVu Sans Display' (DejaVuSansDisplay.ttf) normal normal 400 normal>) = 10.05
2020-05-26 22:47:50,619 [DEBUG] findfont: score(<Font 'DejaVu Sans Mono' (DejaVuSansMono-Oblique.ttf) oblique normal 400 normal>) = 11.05
2020-05-26 22:47:50,619 [DEBUG] findfont: score(<Font 'STIXSizeTwoSym' (STIXSizTwoSymReg.ttf) normal normal regular normal>) = 10.05
2020-05-26 22:47:50,619 [DEBUG] findfont: score(<Font 'STIXSizeThreeSym' (STIXSizThreeSymBol.ttf) normal normal bold normal>) = 10.335
2020-05-26 22:47:50,619 [DEBUG] findfont: score(<Font 'STIXGeneral' (STIXGeneral.ttf) normal normal regular normal>) = 10.05
2020-05-26 22:47:50,619 [DEBUG] findfont: score(<Font 'DejaVu Serif' (DejaVuSerif.ttf) normal normal 400 normal>) = 10.05
2020-05-26 22:47:50,619 [DEBUG] findfont: score(<Font 'STIXNonUnicode' (STIXNonUniBolIta.ttf) italic normal bold normal>) = 11.335
2020-05-26 22:47:50,619 [DEBUG] findfont: score(<Font 'DejaVu Sans Mono' (DejaVuSansMono.ttf) normal normal 400 normal>) = 10.05
2020-05-26 22:47:50,620 [DEBUG] findfont: score(<Font 'cmb10' (cmb10.ttf) normal normal 400 normal>) = 10.05
2020-05-26 22:47:50,620 [DEBUG] findfont: score(<Font 'cmss10' (cmss10.ttf) normal normal 400 normal>) = 10.05
2020-05-26 22:47:50,620 [DEBUG] findfont: score(<Font 'STIXNonUnicode' (STIXNonUniIta.ttf) italic normal 400 normal>) = 11.05
2020-05-26 22:47:50,620 [DEBUG] findfont: score(<Font 'DejaVu Sans' (DejaVuSans-Oblique.ttf) oblique normal 400 normal>) = 1.05
2020-05-26 22:47:50,620 [DEBUG] findfont: score(<Font 'STIXSizeOneSym' (STIXSizOneSymReg.ttf) normal normal regular normal>) = 10.05
2020-05-26 22:47:50,620 [DEBUG] findfont: score(<Font 'STIXSizeFiveSym' (STIXSizFiveSymReg.ttf) normal normal regular normal>) = 10.05
2020-05-26 22:47:50,620 [DEBUG] findfont: score(<Font 'STIXSizeOneSym' (STIXSizOneSymBol.ttf) normal normal bold normal>) = 10.335
2020-05-26 22:47:50,620 [DEBUG] findfont: score(<Font 'STIXNonUnicode' (STIXNonUni.ttf) normal normal regular normal>) = 10.05
2020-05-26 22:47:50,620 [DEBUG] findfont: score(<Font 'cmtt10' (cmtt10.ttf) normal normal 400 normal>) = 10.05
2020-05-26 22:47:50,620 [DEBUG] findfont: score(<Font 'cmr10' (cmr10.ttf) normal normal 400 normal>) = 10.05
2020-05-26 22:47:50,620 [DEBUG] findfont: score(<Font 'DejaVu Sans Mono' (DejaVuSansMono-BoldOblique.ttf) oblique normal bold normal>) = 11.335
2020-05-26 22:47:50,620 [DEBUG] findfont: score(<Font 'cmsy10' (cmsy10.ttf) normal normal 400 normal>) = 10.05
2020-05-26 22:47:50,620 [DEBUG] findfont: score(<Font 'DejaVu Sans Mono' (DejaVuSansMono-Bold.ttf) normal normal bold normal>) = 10.335
2020-05-26 22:47:50,620 [DEBUG] findfont: score(<Font 'STIXSizeFourSym' (STIXSizFourSymReg.ttf) normal normal regular normal>) = 10.05
2020-05-26 22:47:50,620 [DEBUG] findfont: score(<Font 'STIXSizeFourSym' (STIXSizFourSymBol.ttf) normal normal bold normal>) = 10.335
2020-05-26 22:47:50,621 [DEBUG] findfont: score(<Font 'STIXGeneral' (STIXGeneralBolIta.ttf) italic normal bold normal>) = 11.335
2020-05-26 22:47:50,621 [DEBUG] findfont: score(<Font 'DejaVu Serif Display' (DejaVuSerifDisplay.ttf) normal normal 400 normal>) = 10.05
2020-05-26 22:47:50,621 [DEBUG] findfont: score(<Font 'STIXSizeTwoSym' (STIXSizTwoSymBol.ttf) normal normal bold normal>) = 10.335
2020-05-26 22:47:50,621 [DEBUG] findfont: score(<Font 'STIXNonUnicode' (STIXNonUniBol.ttf) normal normal bold normal>) = 10.335
2020-05-26 22:47:50,621 [DEBUG] findfont: score(<Font 'DejaVu Sans' (DejaVuSans-BoldOblique.ttf) oblique normal bold normal>) = 1.335
2020-05-26 22:47:50,621 [DEBUG] findfont: score(<Font 'cmex10' (cmex10.ttf) normal normal 400 normal>) = 10.05
2020-05-26 22:47:50,621 [DEBUG] findfont: score(<Font 'STIXGeneral' (STIXGeneralItalic.ttf) italic normal 400 normal>) = 11.05
2020-05-26 22:47:50,621 [DEBUG] findfont: score(<Font 'Nadeem' (Nadeem.ttc) normal normal regular normal>) = 10.05
2020-05-26 22:47:50,621 [DEBUG] findfont: score(<Font 'Lao MN' (Lao MN.ttc) normal normal 400 normal>) = 10.05
2020-05-26 22:47:50,621 [DEBUG] findfont: score(<Font 'Optima' (Optima.ttc) normal normal regular normal>) = 10.05
2020-05-26 22:47:50,621 [DEBUG] findfont: score(<Font '.SF NS Display Condensed' (SFNSDisplayCondensed-Light.otf) normal normal light condensed>) = 10.44
2020-05-26 22:47:50,622 [DEBUG] findfont: score(<Font 'Didot' (Didot.ttc) normal normal 400 normal>) = 10.05
2020-05-26 22:47:50,622 [DEBUG] findfont: score(<Font 'Apple Braille' (Apple Braille Pinpoint 8 Dot.ttf) normal normal 400 normal>) = 10.05
2020-05-26 22:47:50,622 [DEBUG] findfont: score(<Font 'Farah' (Farah.ttc) normal normal regular normal>) = 10.05
2020-05-26 22:47:50,622 [DEBUG] findfont: score(<Font '.SF NS Symbols' (SFNSSymbols-Ultralight.otf) normal normal ultralight normal>) = 10.335
2020-05-26 22:47:50,622 [DEBUG] findfont: score(<Font 'STIXSizeOneSym' (STIXSizOneSymBol.otf) normal normal bold normal>) = 10.335
2020-05-26 22:47:50,622 [DEBUG] findfont: score(<Font '.SF Compact Display' (SFCompactDisplay-Black.otf) normal normal black normal>) = 10.525
2020-05-26 22:47:50,622 [DEBUG] findfont: score(<Font 'Hiragino Sans' (ヒラギノ角ゴシック W7.ttc) normal normal 700 normal>) = 10.335
2020-05-26 22:47:50,622 [DEBUG] findfont: score(<Font 'Arial Narrow' (Arial Narrow.ttf) normal normal 400 condensed>) = 10.25
2020-05-26 22:47:50,622 [DEBUG] findfont: score(<Font 'System Font' (SFNSDisplay-ThinG3.otf) normal normal 400 normal>) = 10.05
2020-05-26 22:47:50,622 [DEBUG] findfont: score(<Font 'Superclarendon' (SuperClarendon.ttc) normal normal regular normal>) = 10.05
2020-05-26 22:47:50,623 [DEBUG] findfont: score(<Font 'Corsiva Hebrew' (Corsiva.ttc) normal normal 400 normal>) = 10.05
2020-05-26 22:47:50,623 [DEBUG] findfont: score(<Font 'Farisi' (Farisi.ttf) normal normal regular normal>) = 10.05
2020-05-26 22:47:50,623 [DEBUG] findfont: score(<Font 'Courier New' (Courier New.ttf) normal normal 400 normal>) = 10.05
2020-05-26 22:47:50,623 [DEBUG] findfont: score(<Font 'Comic Sans MS' (Comic Sans MS.ttf) normal normal 400 normal>) = 10.05
2020-05-26 22:47:50,623 [DEBUG] findfont: score(<Font 'Sathu' (Sathu.ttf) normal normal 400 normal>) = 10.05
2020-05-26 22:47:50,623 [DEBUG] findfont: score(<Font 'Papyrus' (Papyrus.ttc) normal normal 400 condensed>) = 10.25
2020-05-26 22:47:50,623 [DEBUG] findfont: score(<Font 'STIXSizeFourSym' (STIXSizFourSymReg.otf) normal normal regular normal>) = 10.05
2020-05-26 22:47:50,623 [DEBUG] findfont: score(<Font '.SF Compact Rounded' (SFCompactRounded-Thin.otf) normal normal 400 normal>) = 10.05
2020-05-26 22:47:50,623 [DEBUG] findfont: score(<Font 'Wingdings 2' (Wingdings 2.ttf) normal normal 400 normal>) = 10.05
2020-05-26 22:47:50,623 [DEBUG] findfont: score(<Font 'Apple SD Gothic Neo' (AppleSDGothicNeo.ttc) normal normal regular normal>) = 10.05
2020-05-26 22:47:50,624 [DEBUG] findfont: score(<Font 'Apple Braille' (Apple Braille Outline 6 Dot.ttf) normal normal 400 normal>) = 10.05
2020-05-26 22:47:50,624 [DEBUG] findfont: score(<Font 'Waseem' (Waseem.ttc) normal normal regular normal>) = 10.05
2020-05-26 22:47:50,624 [DEBUG] findfont: score(<Font 'Bodoni 72' (Bodoni 72.ttc) normal normal book normal>) = 10.05
2020-05-26 22:47:50,624 [DEBUG] findfont: score(<Font 'System Font' (SFNSDisplay-RegularItalic.otf) italic normal 400 normal>) = 11.05
2020-05-26 22:47:50,624 [DEBUG] findfont: score(<Font '.SF NS Display Condensed' (SFNSDisplayCondensed-Medium.otf) normal normal medium condensed>) = 10.344999999999999
2020-05-26 22:47:50,624 [DEBUG] findfont: score(<Font 'Hiragino Sans' (ヒラギノ角ゴシック W6.ttc) normal normal 700 normal>) = 10.335
2020-05-26 22:47:50,624 [DEBUG] findfont: score(<Font 'Hoefler Text' (Hoefler Text.ttc) normal normal 400 normal>) = 10.05
2020-05-26 22:47:50,624 [DEBUG] findfont: score(<Font 'Ayuthaya' (Ayuthaya.ttf) normal normal 400 normal>) = 10.05
2020-05-26 22:47:50,624 [DEBUG] findfont: score(<Font '.SF NS Text Condensed' (SFNSTextCondensed-Heavy.otf) normal normal heavy condensed>) = 10.629999999999999
2020-05-26 22:47:50,624 [DEBUG] findfont: score(<Font '.SF Compact Display' (SFCompactDisplay-Bold.otf) normal normal bold normal>) = 10.335
2020-05-26 22:47:50,625 [DEBUG] findfont: score(<Font 'Hoefler Text' (Hoefler Text Ornaments.ttf) normal normal 400 normal>) = 10.05
2020-05-26 22:47:50,625 [DEBUG] findfont: score(<Font 'Verdana' (Verdana.ttf) normal normal 400 normal>) = 3.6863636363636365
2020-05-26 22:47:50,625 [DEBUG] findfont: score(<Font 'SauceCodePro Nerd Font' (Sauce Code Pro Light Italic Nerd Font Complete.ttf) italic normal light normal>) = 11.24
2020-05-26 22:47:50,625 [DEBUG] findfont: score(<Font 'Hiragino Maru Gothic Pro' (ヒラギノ丸ゴ ProN W4.ttc) normal normal 400 normal>) = 10.05
2020-05-26 22:47:50,625 [DEBUG] findfont: score(<Font '.SF NS Text Condensed' (SFNSTextCondensed-Regular.otf) normal normal regular condensed>) = 10.25
2020-05-26 22:47:50,625 [DEBUG] findfont: score(<Font 'Malayalam MN' (Malayalam MN.ttc) normal normal 400 normal>) = 10.05
2020-05-26 22:47:50,625 [DEBUG] findfont: score(<Font '.SF Compact Rounded' (SFCompactRounded-Black.otf) normal normal black normal>) = 10.525
2020-05-26 22:47:50,625 [DEBUG] findfont: score(<Font 'System Font' (SFNSDisplay-BoldItalic.otf) italic normal bold normal>) = 11.335
2020-05-26 22:47:50,625 [DEBUG] findfont: score(<Font '.SF Compact Text' (SFCompactText-BoldItalic.otf) italic normal bold normal>) = 11.335
2020-05-26 22:47:50,625 [DEBUG] findfont: score(<Font 'Mishafi Gold' (Mishafi Gold.ttf) normal normal regular normal>) = 10.05
2020-05-26 22:47:50,625 [DEBUG] findfont: score(<Font 'Verdana' (Verdana Bold.ttf) normal normal bold normal>) = 3.9713636363636367
2020-05-26 22:47:50,626 [DEBUG] findfont: score(<Font 'Bodoni 72 Oldstyle' (Bodoni 72 OS.ttc) normal normal book normal>) = 10.05
2020-05-26 22:47:50,626 [DEBUG] findfont: score(<Font 'STIXIntegralsSm' (STIXIntSmReg.otf) normal normal regular normal>) = 10.05
2020-05-26 22:47:50,626 [DEBUG] findfont: score(<Font 'System Font' (SFNSDisplay.ttf) normal normal 400 normal>) = 10.05
2020-05-26 22:47:50,626 [DEBUG] findfont: score(<Font 'Courier New' (Courier New Bold.ttf) normal normal bold normal>) = 10.335
2020-05-26 22:47:50,626 [DEBUG] findfont: score(<Font 'Gurmukhi MN' (Gurmukhi MN.ttc) normal normal 400 normal>) = 10.05
2020-05-26 22:47:50,626 [DEBUG] findfont: score(<Font '.SF Compact Text' (SFCompactText-Light.otf) normal normal light normal>) = 10.24
2020-05-26 22:47:50,626 [DEBUG] findfont: score(<Font '.SF Compact Text' (SFCompactText-Regular.otf) normal normal regular normal>) = 10.05
2020-05-26 22:47:50,626 [DEBUG] findfont: score(<Font '.SF NS Display Condensed' (SFNSDisplayCondensed-Heavy.otf) normal normal heavy condensed>) = 10.629999999999999
2020-05-26 22:47:50,626 [DEBUG] findfont: score(<Font 'Brush Script MT' (Brush Script.ttf) italic normal 400 normal>) = 11.05
2020-05-26 22:47:50,626 [DEBUG] findfont: score(<Font 'Marker Felt' (MarkerFelt.ttc) normal normal 400 normal>) = 10.05
2020-05-26 22:47:50,627 [DEBUG] findfont: score(<Font 'Arial Narrow' (Arial Narrow Bold Italic.ttf) italic normal bold condensed>) = 11.535
2020-05-26 22:47:50,627 [DEBUG] findfont: score(<Font '.SF NS Symbols' (SFNSSymbols-Medium.otf) normal normal medium normal>) = 10.145
2020-05-26 22:47:50,627 [DEBUG] findfont: score(<Font '.Arabic UI Text' (ArabicUIText.ttc) normal normal regular normal>) = 10.05
2020-05-26 22:47:50,627 [DEBUG] findfont: score(<Font 'ITF Devanagari' (ITFDevanagari.ttc) normal normal book normal>) = 10.05
2020-05-26 22:47:50,627 [DEBUG] findfont: score(<Font 'Andale Mono' (Andale Mono.ttf) normal normal 400 normal>) = 10.05
2020-05-26 22:47:50,627 [DEBUG] findfont: score(<Font 'Arial Narrow' (Arial Narrow Bold.ttf) normal normal bold condensed>) = 10.535
2020-05-26 22:47:50,627 [DEBUG] findfont: score(<Font 'STIXIntegralsUpSm' (STIXIntUpSmBol.otf) normal normal bold normal>) = 10.335
2020-05-26 22:47:50,627 [DEBUG] findfont: score(<Font 'Arial Narrow' (Arial Narrow Italic.ttf) italic normal 400 condensed>) = 11.25
2020-05-26 22:47:50,627 [DEBUG] findfont: score(<Font 'Apple Braille' (Apple Braille.ttf) normal normal 400 normal>) = 10.05
2020-05-26 22:47:50,627 [DEBUG] findfont: score(<Font 'STIXSizeOneSym' (STIXSizOneSymReg.otf) normal normal regular normal>) = 10.05
2020-05-26 22:47:50,628 [DEBUG] findfont: score(<Font '.SF NS Text Condensed' (SFNSTextCondensed-Semibold.otf) normal normal semibold condensed>) = 10.44
2020-05-26 22:47:50,628 [DEBUG] findfont: score(<Font 'Wingdings' (Wingdings.ttf) normal normal 400 normal>) = 10.05
2020-05-26 22:47:50,628 [DEBUG] findfont: score(<Font 'Hiragino Sans' (ヒラギノ角ゴシック W8.ttc) normal normal 700 normal>) = 10.335
2020-05-26 22:47:50,628 [DEBUG] findfont: score(<Font 'System Font' (SFNSDisplay-MediumItalic.otf) italic normal medium normal>) = 11.145
2020-05-26 22:47:50,628 [DEBUG] findfont: score(<Font 'Oriya MN' (Oriya MN.ttc) normal normal 400 normal>) = 10.05
2020-05-26 22:47:50,628 [DEBUG] findfont: score(<Font 'Zapfino' (Zapfino.ttf) normal normal 400 normal>) = 10.05
2020-05-26 22:47:50,628 [DEBUG] findfont: score(<Font 'Savoye LET' (Savoye LET.ttc) normal normal 400 normal>) = 10.05
2020-05-26 22:47:50,628 [DEBUG] findfont: score(<Font '.SF NS Symbols' (SFNSSymbols-Heavy.otf) normal normal heavy normal>) = 10.43
2020-05-26 22:47:50,628 [DEBUG] findfont: score(<Font 'Tamil Sangam MN' (Tamil Sangam MN.ttc) normal normal 400 normal>) = 10.05
2020-05-26 22:47:50,628 [DEBUG] findfont: score(<Font 'Trebuchet MS' (Trebuchet MS Bold.ttf) normal normal bold normal>) = 10.335
2020-05-26 22:47:50,628 [DEBUG] findfont: score(<Font 'Silom' (Silom.ttf) normal normal 400 normal>) = 10.05
2020-05-26 22:47:50,629 [DEBUG] findfont: score(<Font 'Bangla Sangam MN' (Bangla Sangam MN.ttc) normal normal 400 normal>) = 10.05
2020-05-26 22:47:50,629 [DEBUG] findfont: score(<Font 'STIXIntegralsUpSm' (STIXIntUpSmReg.otf) normal normal regular normal>) = 10.05
2020-05-26 22:47:50,629 [DEBUG] findfont: score(<Font 'Myanmar Sangam MN' (Myanmar Sangam MN.ttc) normal normal 400 normal>) = 10.05
2020-05-26 22:47:50,629 [DEBUG] findfont: score(<Font 'Zapf Dingbats' (ZapfDingbats.ttf) normal normal 400 normal>) = 10.05
2020-05-26 22:47:50,629 [DEBUG] findfont: score(<Font 'STIXSizeTwoSym' (STIXSizTwoSymReg.otf) normal normal regular normal>) = 10.05
2020-05-26 22:47:50,629 [DEBUG] findfont: score(<Font '.SF Compact Display' (SFCompactDisplay-Regular.otf) normal normal regular normal>) = 10.05
2020-05-26 22:47:50,629 [DEBUG] findfont: score(<Font 'Heiti TC' (STHeiti Light.ttc) normal normal light normal>) = 10.24
2020-05-26 22:47:50,629 [DEBUG] findfont: score(<Font 'Phosphate' (Phosphate.ttc) normal normal 400 normal>) = 10.05
2020-05-26 22:47:50,629 [DEBUG] findfont: score(<Font '.SF Compact Rounded' (SFCompactRounded-Light.otf) normal normal light normal>) = 10.24
2020-05-26 22:47:50,629 [DEBUG] findfont: score(<Font 'Times New Roman' (Times New Roman Italic.ttf) italic normal roman normal>) = 11.145
2020-05-26 22:47:50,629 [DEBUG] findfont: score(<Font 'STIXIntegralsD' (STIXIntDReg.otf) normal normal regular normal>) = 10.05
2020-05-26 22:47:50,629 [DEBUG] findfont: score(<Font '.SF Compact Rounded' (SFCompactRounded-Bold.otf) normal normal bold normal>) = 10.335
2020-05-26 22:47:50,629 [DEBUG] findfont: score(<Font 'Hiragino Sans' (ヒラギノ角ゴシック W2.ttc) normal normal 400 normal>) = 10.05
2020-05-26 22:47:50,629 [DEBUG] findfont: score(<Font 'Kannada Sangam MN' (Kannada Sangam MN.ttc) normal normal 400 normal>) = 10.05
2020-05-26 22:47:50,629 [DEBUG] findfont: score(<Font 'KufiStandardGK' (KufiStandardGK.ttc) normal normal regular normal>) = 10.05
2020-05-26 22:47:50,629 [DEBUG] findfont: score(<Font 'Menlo' (Menlo.ttc) normal normal regular normal>) = 10.05
2020-05-26 22:47:50,630 [DEBUG] findfont: score(<Font '.SF NS Symbols' (SFNSSymbols-Bold.otf) normal normal bold normal>) = 10.335
2020-05-26 22:47:50,630 [DEBUG] findfont: score(<Font 'Impact' (Impact.ttf) normal normal 400 normal>) = 10.05
2020-05-26 22:47:50,630 [DEBUG] findfont: score(<Font '.SF Compact Display' (SFCompactDisplay-Light.otf) normal normal light normal>) = 10.24
2020-05-26 22:47:50,630 [DEBUG] findfont: score(<Font 'STIXNonUnicode' (STIXNonUniIta.otf) italic normal 400 normal>) = 11.05
2020-05-26 22:47:50,630 [DEBUG] findfont: score(<Font 'Hiragino Sans' (ヒラギノ角ゴシック W0.ttc) normal normal 400 normal>) = 10.05
2020-05-26 22:47:50,630 [DEBUG] findfont: score(<Font 'PT Mono' (PTMono.ttc) normal normal bold normal>) = 10.335
2020-05-26 22:47:50,630 [DEBUG] findfont: score(<Font 'Songti SC' (Songti.ttc) normal normal black normal>) = 10.525
2020-05-26 22:47:50,630 [DEBUG] findfont: score(<Font '.SF NS Text Condensed' (SFNSTextCondensed-Light.otf) normal normal light condensed>) = 10.44
2020-05-26 22:47:50,630 [DEBUG] findfont: score(<Font 'Devanagari MT' (DevanagariMT.ttc) normal normal 400 normal>) = 10.05
2020-05-26 22:47:50,630 [DEBUG] findfont: score(<Font 'PT Serif Caption' (PTSerifCaption.ttc) normal normal 400 normal>) = 10.05
2020-05-26 22:47:50,630 [DEBUG] findfont: score(<Font 'Heiti TC' (STHeiti Medium.ttc) normal normal medium normal>) = 10.145
2020-05-26 22:47:50,631 [DEBUG] findfont: score(<Font 'AppleMyungjo' (AppleMyungjo.ttf) normal normal regular normal>) = 10.05
2020-05-26 22:47:50,631 [DEBUG] findfont: score(<Font 'PT Sans' (PTSans.ttc) normal normal 400 normal>) = 10.05
2020-05-26 22:47:50,631 [DEBUG] findfont: score(<Font 'Raanana' (Raanana.ttc) normal normal 400 normal>) = 10.05
2020-05-26 22:47:50,631 [DEBUG] findfont: score(<Font 'System Font' (SFNSDisplay-LightItalic.otf) italic normal light normal>) = 11.24
2020-05-26 22:47:50,631 [DEBUG] findfont: score(<Font '.SF Compact Rounded' (SFCompactRounded-Ultralight.otf) normal normal ultralight normal>) = 10.335
2020-05-26 22:47:50,631 [DEBUG] findfont: score(<Font 'Trebuchet MS' (Trebuchet MS.ttf) normal normal 400 normal>) = 10.05
2020-05-26 22:47:50,631 [DEBUG] findfont: score(<Font 'Kokonor' (Kokonor.ttf) normal normal regular normal>) = 10.05
2020-05-26 22:47:50,631 [DEBUG] findfont: score(<Font 'Rockwell' (Rockwell.ttc) normal normal 400 normal>) = 10.05
2020-05-26 22:47:50,631 [DEBUG] findfont: score(<Font 'Iowan Old Style' (Iowan Old Style.ttc) normal normal roman normal>) = 10.145
2020-05-26 22:47:50,631 [DEBUG] findfont: score(<Font 'Arial Black' (Arial Black.ttf) normal normal black normal>) = 10.525
2020-05-26 22:47:50,632 [DEBUG] findfont: score(<Font 'Wingdings 3' (Wingdings 3.ttf) normal normal 400 normal>) = 10.05
2020-05-26 22:47:50,632 [DEBUG] findfont: score(<Font '.SF Compact Rounded' (SFCompactRounded-Heavy.otf) normal normal heavy normal>) = 10.43
2020-05-26 22:47:50,632 [DEBUG] findfont: score(<Font 'STIXGeneral' (STIXGeneralBol.otf) normal normal bold normal>) = 10.335
2020-05-26 22:47:50,632 [DEBUG] findfont: score(<Font 'Hiragino Sans' (ヒラギノ角ゴシック W4.ttc) normal normal 400 normal>) = 10.05
2020-05-26 22:47:50,632 [DEBUG] findfont: score(<Font 'SauceCodePro Nerd Font' (Sauce Code Pro ExtraLight Italic Nerd Font Complete.ttf) italic normal light normal>) = 11.24
2020-05-26 22:47:50,632 [DEBUG] findfont: score(<Font 'Trebuchet MS' (Trebuchet MS Italic.ttf) italic normal 400 normal>) = 11.05
2020-05-26 22:47:50,632 [DEBUG] findfont: score(<Font 'Microsoft Sans Serif' (Microsoft Sans Serif.ttf) normal normal 400 normal>) = 10.05
2020-05-26 22:47:50,632 [DEBUG] findfont: score(<Font 'STIXSizeFourSym' (STIXSizFourSymBol.otf) normal normal bold normal>) = 10.335
2020-05-26 22:47:50,632 [DEBUG] findfont: score(<Font 'STIXSizeFiveSym' (STIXSizFiveSymReg.otf) normal normal regular normal>) = 10.05
2020-05-26 22:47:50,632 [DEBUG] findfont: score(<Font 'STIXNonUnicode' (STIXNonUniBolIta.otf) italic normal bold normal>) = 11.335
2020-05-26 22:47:50,633 [DEBUG] findfont: score(<Font '.Helvetica Neue DeskInterface' (HelveticaNeueDeskInterface.ttc) normal normal regular normal>) = 10.05
2020-05-26 22:47:50,633 [DEBUG] findfont: score(<Font 'System Font' (SFNSDisplay-SemiboldItalic.otf) italic normal semibold normal>) = 11.24
2020-05-26 22:47:50,633 [DEBUG] findfont: score(<Font 'Lucida Grande' (LucidaGrande.ttc) normal normal 400 normal>) = 2.777272727272727
2020-05-26 22:47:50,633 [DEBUG] findfont: score(<Font 'Times New Roman' (Times New Roman Bold Italic.ttf) italic normal roman normal>) = 11.145
2020-05-26 22:47:50,633 [DEBUG] findfont: score(<Font 'PingFang HK' (PingFang.ttc) normal normal regular normal>) = 10.05
2020-05-26 22:47:50,633 [DEBUG] findfont: score(<Font 'Bradley Hand' (Bradley Hand Bold.ttf) normal normal bold normal>) = 10.335
2020-05-26 22:47:50,633 [DEBUG] findfont: score(<Font 'System Font' (SFNSText.ttf) normal normal 400 normal>) = 10.05
2020-05-26 22:47:50,633 [DEBUG] findfont: score(<Font '.SF Compact Display' (SFCompactDisplay-Semibold.otf) normal normal semibold normal>) = 10.24
2020-05-26 22:47:50,633 [DEBUG] findfont: score(<Font 'Hiragino Mincho ProN' (ヒラギノ明朝 ProN.ttc) normal normal 400 normal>) = 10.05
2020-05-26 22:47:50,633 [DEBUG] findfont: score(<Font 'Athelas' (Athelas.ttc) normal normal regular normal>) = 10.05
2020-05-26 22:47:50,634 [DEBUG] findfont: score(<Font 'STIXGeneral' (STIXGeneral.otf) normal normal regular normal>) = 10.05
2020-05-26 22:47:50,634 [DEBUG] findfont: score(<Font '.Arabic UI Display' (ArabicUIDisplay.ttc) normal normal black normal>) = 10.525
2020-05-26 22:47:50,634 [DEBUG] findfont: score(<Font 'System Font' (SFNSDisplay-ThinG1.otf) normal normal 400 normal>) = 10.05
2020-05-26 22:47:50,634 [DEBUG] findfont: score(<Font 'SauceCodePro Nerd Font' (Sauce Code Pro ExtraLight Nerd Font Complete.ttf) normal normal light normal>) = 10.24
2020-05-26 22:47:50,634 [DEBUG] findfont: score(<Font 'SauceCodePro Nerd Font' (Sauce Code Pro Medium Nerd Font Complete.ttf) normal normal medium normal>) = 10.145
2020-05-26 22:47:50,634 [DEBUG] findfont: score(<Font 'STIXGeneral' (STIXGeneralBolIta.otf) italic normal bold normal>) = 11.335
2020-05-26 22:47:50,634 [DEBUG] findfont: score(<Font 'System Font' (SFNSTextItalic.ttf) italic normal 400 normal>) = 11.05
2020-05-26 22:47:50,634 [DEBUG] findfont: score(<Font 'Baghdad' (Baghdad.ttc) normal normal regular normal>) = 10.05
2020-05-26 22:47:50,634 [DEBUG] findfont: score(<Font 'Times New Roman' (Times New Roman.ttf) normal normal roman normal>) = 10.145
2020-05-26 22:47:50,634 [DEBUG] findfont: score(<Font 'Helvetica' (Helvetica.ttc) normal normal 400 normal>) = 7.322727272727273
2020-05-26 22:47:50,634 [DEBUG] findfont: score(<Font 'SauceCodePro Nerd Font' (Sauce Code Pro Bold Italic Nerd Font Complete.ttf) italic normal bold normal>) = 11.335
2020-05-26 22:47:50,635 [DEBUG] findfont: score(<Font '.SF Compact Text' (SFCompactText-Medium.otf) normal normal medium normal>) = 10.145
2020-05-26 22:47:50,635 [DEBUG] findfont: score(<Font 'Sinhala Sangam MN' (Sinhala Sangam MN.ttc) normal normal 400 normal>) = 10.05
2020-05-26 22:47:50,635 [DEBUG] findfont: score(<Font 'Hiragino Sans' (ヒラギノ角ゴシック W3.ttc) normal normal 400 normal>) = 10.05
2020-05-26 22:47:50,635 [DEBUG] findfont: score(<Font 'STIXIntegralsUp' (STIXIntUpReg.otf) normal normal regular normal>) = 10.05
2020-05-26 22:47:50,635 [DEBUG] findfont: score(<Font 'Malayalam Sangam MN' (Malayalam Sangam MN.ttc) normal normal 400 normal>) = 10.05
2020-05-26 22:47:50,635 [DEBUG] findfont: score(<Font 'Oriya Sangam MN' (Oriya Sangam MN.ttc) normal normal 400 normal>) = 10.05
2020-05-26 22:47:50,635 [DEBUG] findfont: score(<Font '.SF Compact Text' (SFCompactText-Bold.otf) normal normal bold normal>) = 10.335
2020-05-26 22:47:50,635 [DEBUG] findfont: score(<Font 'SauceCodePro Nerd Font' (Sauce Code Pro Semibold Nerd Font Complete.ttf) normal normal semibold normal>) = 10.24
2020-05-26 22:47:50,635 [DEBUG] findfont: score(<Font '.SF Compact Text' (SFCompactText-SemiboldItalic.otf) italic normal semibold normal>) = 11.24
2020-05-26 22:47:50,635 [DEBUG] findfont: score(<Font 'Myanmar MN' (Myanmar MN.ttc) normal normal 400 normal>) = 10.05
2020-05-26 22:47:50,636 [DEBUG] findfont: score(<Font 'Courier New' (Courier New Bold Italic.ttf) italic normal bold normal>) = 11.335
2020-05-26 22:47:50,636 [DEBUG] findfont: score(<Font 'Hiragino Sans GB' (Hiragino Sans GB.ttc) normal normal 400 normal>) = 10.05
2020-05-26 22:47:50,636 [DEBUG] findfont: score(<Font 'Lao Sangam MN' (Lao Sangam MN.ttf) normal normal 400 normal>) = 10.05
2020-05-26 22:47:50,636 [DEBUG] findfont: score(<Font 'Helvetica Neue' (HelveticaNeue.ttc) normal normal 400 normal>) = 10.05
2020-05-26 22:47:50,636 [DEBUG] findfont: score(<Font 'Euphemia UCAS' (EuphemiaCAS.ttc) normal normal 400 normal>) = 10.05
2020-05-26 22:47:50,636 [DEBUG] findfont: score(<Font '.SF NS Symbols' (SFNSSymbols-Light.otf) normal normal light normal>) = 10.24
2020-05-26 22:47:50,636 [DEBUG] findfont: score(<Font 'Times New Roman' (Times New Roman Bold.ttf) normal normal roman normal>) = 10.145
2020-05-26 22:47:50,636 [DEBUG] findfont: score(<Font 'Skia' (Skia.ttf) normal normal 400 normal>) = 10.05
2020-05-26 22:47:50,636 [DEBUG] findfont: score(<Font 'Telugu MN' (Telugu MN.ttc) normal normal 400 normal>) = 10.05
2020-05-26 22:47:50,636 [DEBUG] findfont: score(<Font 'InaiMathi' (InaiMathi-MN.ttc) normal normal 400 normal>) = 10.05
2020-05-26 22:47:50,637 [DEBUG] findfont: score(<Font 'Avenir Next Condensed' (Avenir Next Condensed.ttc) normal normal bold condensed>) = 10.535
2020-05-26 22:47:50,637 [DEBUG] findfont: score(<Font 'Kannada MN' (Kannada MN.ttc) normal normal 400 normal>) = 10.05
2020-05-26 22:47:50,637 [DEBUG] findfont: score(<Font 'DecoType Naskh' (DecoTypeNaskh.ttc) normal normal regular normal>) = 10.05
2020-05-26 22:47:50,637 [DEBUG] findfont: score(<Font '.SF Compact Text' (SFCompactText-MediumItalic.otf) italic normal medium normal>) = 11.145
2020-05-26 22:47:50,637 [DEBUG] findfont: score(<Font '.SF NS Rounded' (SFNSRounded.ttf) normal normal 400 normal>) = 10.05
2020-05-26 22:47:50,637 [DEBUG] findfont: score(<Font 'SauceCodePro Nerd Font' (Sauce Code Pro Nerd Font Complete.ttf) normal normal 400 normal>) = 10.05
2020-05-26 22:47:50,637 [DEBUG] findfont: score(<Font 'Kohinoor Telugu' (KohinoorTelugu.ttc) normal normal 400 normal>) = 10.05
2020-05-26 22:47:50,637 [DEBUG] findfont: score(<Font 'Mishafi' (Mishafi.ttf) normal normal regular normal>) = 10.05
2020-05-26 22:47:50,637 [DEBUG] findfont: score(<Font 'Bodoni Ornaments' (Bodoni Ornaments.ttf) normal normal 400 normal>) = 10.05
2020-05-26 22:47:50,637 [DEBUG] findfont: score(<Font 'Herculanum' (Herculanum.ttf) normal normal 400 normal>) = 10.05
2020-05-26 22:47:50,637 [DEBUG] findfont: score(<Font '.Aqua Kana' (AquaKana.ttc) normal normal 400 normal>) = 10.05
2020-05-26 22:47:50,638 [DEBUG] findfont: score(<Font '.SF Compact Text' (SFCompactText-RegularItalic.otf) italic normal 400 normal>) = 11.05
2020-05-26 22:47:50,638 [DEBUG] findfont: score(<Font 'Apple Symbols' (Apple Symbols.ttf) normal normal 400 normal>) = 10.05
2020-05-26 22:47:50,638 [DEBUG] findfont: score(<Font 'Georgia' (Georgia.ttf) normal normal 400 normal>) = 10.05
2020-05-26 22:47:50,638 [DEBUG] findfont: score(<Font 'STIXSizeThreeSym' (STIXSizThreeSymReg.otf) normal normal regular normal>) = 10.05
2020-05-26 22:47:50,638 [DEBUG] findfont: score(<Font 'Sana' (Sana.ttc) normal normal regular normal>) = 10.05
2020-05-26 22:47:50,638 [DEBUG] findfont: score(<Font 'Hiragino Sans' (ヒラギノ角ゴシック W5.ttc) normal normal 700 normal>) = 10.335
2020-05-26 22:47:50,638 [DEBUG] findfont: score(<Font 'Hiragino Sans' (ヒラギノ角ゴシック W1.ttc) normal normal 400 normal>) = 10.05
2020-05-26 22:47:50,638 [DEBUG] findfont: score(<Font 'Krungthep' (Krungthep.ttf) normal normal 400 normal>) = 10.05
2020-05-26 22:47:50,638 [DEBUG] findfont: score(<Font 'Big Caslon' (BigCaslon.ttf) normal normal medium normal>) = 10.145
2020-05-26 22:47:50,638 [DEBUG] findfont: score(<Font 'Chalkboard SE' (ChalkboardSE.ttc) normal normal light normal>) = 10.24
2020-05-26 22:47:50,639 [DEBUG] findfont: score(<Font '.SF NS Text Condensed' (SFNSTextCondensed-Medium.otf) normal normal medium condensed>) = 10.344999999999999
2020-05-26 22:47:50,639 [DEBUG] findfont: score(<Font 'Trebuchet MS' (Trebuchet MS Bold Italic.ttf) italic normal bold normal>) = 11.335
2020-05-26 22:47:50,639 [DEBUG] findfont: score(<Font 'STIXSizeThreeSym' (STIXSizThreeSymBol.otf) normal normal bold normal>) = 10.335
2020-05-26 22:47:50,639 [DEBUG] findfont: score(<Font 'Telugu Sangam MN' (Telugu Sangam MN.ttc) normal normal 400 normal>) = 10.05
2020-05-26 22:47:50,639 [DEBUG] findfont: score(<Font 'STIXGeneral' (STIXGeneralItalic.otf) italic normal 400 normal>) = 11.05
2020-05-26 22:47:50,639 [DEBUG] findfont: score(<Font '.LastResort' (LastResort.otf) normal normal 400 normal>) = 10.05
2020-05-26 22:47:50,639 [DEBUG] findfont: score(<Font 'Thonburi' (Thonburi.ttc) normal normal 400 normal>) = 10.05
2020-05-26 22:47:50,639 [DEBUG] findfont: score(<Font 'Arial Hebrew' (ArialHB.ttc) normal normal 400 normal>) = 10.05
2020-05-26 22:47:50,639 [DEBUG] findfont: score(<Font 'Charter' (Charter.ttc) normal normal roman normal>) = 10.145
2020-05-26 22:47:50,639 [DEBUG] findfont: score(<Font 'Georgia' (Georgia Bold Italic.ttf) italic normal bold normal>) = 11.335
2020-05-26 22:47:50,640 [DEBUG] findfont: score(<Font 'Cochin' (Cochin.ttc) normal normal 400 normal>) = 10.05
2020-05-26 22:47:50,640 [DEBUG] findfont: score(<Font 'Chalkduster' (Chalkduster.ttf) normal normal 400 normal>) = 10.05
2020-05-26 22:47:50,640 [DEBUG] findfont: score(<Font 'Kefa' (Kefa.ttc) normal normal regular normal>) = 10.05
2020-05-26 22:47:50,640 [DEBUG] findfont: score(<Font 'Devanagari Sangam MN' (Devanagari Sangam MN.ttc) normal normal 400 normal>) = 10.05
2020-05-26 22:47:50,640 [DEBUG] findfont: score(<Font 'Futura' (Futura.ttc) normal normal medium normal>) = 10.145
2020-05-26 22:47:50,640 [DEBUG] findfont: score(<Font 'Tamil MN' (Tamil MN.ttc) normal normal 400 normal>) = 10.05
2020-05-26 22:47:50,640 [DEBUG] findfont: score(<Font 'Bodoni 72 Smallcaps' (Bodoni 72 Smallcaps Book.ttf) normal normal book normal>) = 10.05
2020-05-26 22:47:50,640 [DEBUG] findfont: score(<Font 'Arial' (Arial.ttf) normal normal 400 normal>) = 6.413636363636363
2020-05-26 22:47:50,640 [DEBUG] findfont: score(<Font 'Snell Roundhand' (SnellRoundhand.ttc) normal normal 400 normal>) = 10.05
2020-05-26 22:47:50,640 [DEBUG] findfont: score(<Font 'Beirut' (Beirut.ttc) normal normal regular normal>) = 10.05
2020-05-26 22:47:50,641 [DEBUG] findfont: score(<Font '.SF NS Display Condensed' (SFNSDisplayCondensed-Ultralight.otf) normal normal ultralight condensed>) = 10.535
2020-05-26 22:47:50,641 [DEBUG] findfont: score(<Font '.SF NS Display Condensed' (SFNSDisplayCondensed-Black.otf) normal normal black condensed>) = 10.725
2020-05-26 22:47:50,641 [DEBUG] findfont: score(<Font '.SF Compact Text' (SFCompactText-Heavy.otf) normal normal heavy normal>) = 10.43
2020-05-26 22:47:50,641 [DEBUG] findfont: score(<Font 'STIXNonUnicode' (STIXNonUni.otf) normal normal regular normal>) = 10.05
2020-05-26 22:47:50,641 [DEBUG] findfont: score(<Font '.SF Compact Text' (SFCompactText-Semibold.otf) normal normal semibold normal>) = 10.24
2020-05-26 22:47:50,641 [DEBUG] findfont: score(<Font '.SF Compact Display' (SFCompactDisplay-Thin.otf) normal normal 400 normal>) = 10.05
2020-05-26 22:47:50,641 [DEBUG] findfont: score(<Font 'Kohinoor Devanagari' (Kohinoor.ttc) normal normal regular normal>) = 10.05
2020-05-26 22:47:50,641 [DEBUG] findfont: score(<Font 'Apple Braille' (Apple Braille Outline 8 Dot.ttf) normal normal 400 normal>) = 10.05
2020-05-26 22:47:50,641 [DEBUG] findfont: score(<Font 'SauceCodePro Nerd Font' (Sauce Code Pro Bold Nerd Font Complete.ttf) normal normal bold normal>) = 10.335
2020-05-26 22:47:50,641 [DEBUG] findfont: score(<Font 'System Font' (SFNSDisplay-BlackItalic.otf) italic normal black normal>) = 11.525
2020-05-26 22:47:50,642 [DEBUG] findfont: score(<Font 'Tahoma' (Tahoma.ttf) normal normal 400 normal>) = 10.05
2020-05-26 22:47:50,642 [DEBUG] findfont: score(<Font 'Damascus' (Damascus.ttc) normal normal regular normal>) = 10.05
2020-05-26 22:47:50,642 [DEBUG] findfont: score(<Font 'System Font' (SFNSDisplay-ThinG4.otf) normal normal 400 normal>) = 10.05
2020-05-26 22:47:50,642 [DEBUG] findfont: score(<Font 'Gujarati Sangam MN' (Gujarati Sangam MN.ttc) normal normal 400 normal>) = 10.05
2020-05-26 22:47:50,642 [DEBUG] findfont: score(<Font 'Times' (Times.ttc) normal normal roman normal>) = 10.145
2020-05-26 22:47:50,642 [DEBUG] findfont: score(<Font 'System Font' (SFNSDisplay-ThinG2.otf) normal normal 400 normal>) = 10.05
2020-05-26 22:47:50,642 [DEBUG] findfont: score(<Font 'STIXIntegralsUpD' (STIXIntUpDReg.otf) normal normal regular normal>) = 10.05
2020-05-26 22:47:50,642 [DEBUG] findfont: score(<Font 'Apple Chancery' (Apple Chancery.ttf) normal normal 400 normal>) = 10.05
2020-05-26 22:47:50,642 [DEBUG] findfont: score(<Font 'SauceCodePro Nerd Font' (Sauce Code Pro Black Nerd Font Complete.ttf) normal normal black normal>) = 10.525
2020-05-26 22:47:50,642 [DEBUG] findfont: score(<Font 'STIXVariants' (STIXVarBol.otf) normal normal bold normal>) = 10.335
2020-05-26 22:47:50,642 [DEBUG] findfont: score(<Font 'Al Bayan' (AlBayan.ttc) normal normal 400 normal>) = 10.05
2020-05-26 22:47:50,643 [DEBUG] findfont: score(<Font 'STIXIntegralsSm' (STIXIntSmBol.otf) normal normal bold normal>) = 10.335
2020-05-26 22:47:50,643 [DEBUG] findfont: score(<Font '.SF NS Symbols' (SFNSSymbols-Regular.otf) normal normal regular normal>) = 10.05
2020-05-26 22:47:50,643 [DEBUG] findfont: score(<Font 'Gurmukhi Sangam MN' (Gurmukhi Sangam MN.ttc) normal normal 400 normal>) = 10.05
2020-05-26 22:47:50,643 [DEBUG] findfont: score(<Font 'Comic Sans MS' (Comic Sans MS Bold.ttf) normal normal bold normal>) = 10.335
2020-05-26 22:47:50,643 [DEBUG] findfont: score(<Font 'AppleGothic' (AppleGothic.ttf) normal normal regular normal>) = 10.05
2020-05-26 22:47:50,643 [DEBUG] findfont: score(<Font 'Webdings' (Webdings.ttf) normal normal 400 normal>) = 10.05
2020-05-26 22:47:50,643 [DEBUG] findfont: score(<Font 'Avenir' (Avenir.ttc) normal normal book normal>) = 10.05
2020-05-26 22:47:50,643 [DEBUG] findfont: score(<Font 'PT Serif' (PTSerif.ttc) normal normal 400 normal>) = 10.05
2020-05-26 22:47:50,643 [DEBUG] findfont: score(<Font 'Arial Unicode MS' (Arial Unicode.ttf) normal normal 400 normal>) = 10.05
2020-05-26 22:47:50,643 [DEBUG] findfont: score(<Font 'Arial' (Arial Bold Italic.ttf) italic normal bold normal>) = 7.698636363636363
2020-05-26 22:47:50,644 [DEBUG] findfont: score(<Font 'Plantagenet Cherokee' (PlantagenetCherokee.ttf) normal normal 400 normal>) = 10.05
2020-05-26 22:47:50,644 [DEBUG] findfont: score(<Font 'Kailasa' (Kailasa.ttc) normal normal regular normal>) = 10.05
2020-05-26 22:47:50,644 [DEBUG] findfont: score(<Font 'Arial Rounded MT Bold' (Arial Rounded Bold.ttf) normal normal bold normal>) = 10.335
2020-05-26 22:47:50,644 [DEBUG] findfont: score(<Font 'American Typewriter' (AmericanTypewriter.ttc) normal normal 400 normal>) = 10.05
2020-05-26 22:47:50,644 [DEBUG] findfont: score(<Font 'Luminari' (Luminari.ttf) normal normal 400 normal>) = 10.05
2020-05-26 22:47:50,644 [DEBUG] findfont: score(<Font 'Al Tarikh' (Al Tarikh.ttc) normal normal regular normal>) = 10.05
2020-05-26 22:47:50,644 [DEBUG] findfont: score(<Font '.SF Compact Rounded' (SFCompactRounded-Medium.otf) normal normal medium normal>) = 10.145
2020-05-26 22:47:50,644 [DEBUG] findfont: score(<Font 'Noto Nastaliq Urdu' (NotoNastaliq.ttc) normal normal 400 normal>) = 10.05
2020-05-26 22:47:50,644 [DEBUG] findfont: score(<Font '.SF Compact Display' (SFCompactDisplay-Ultralight.otf) normal normal ultralight normal>) = 10.335
2020-05-26 22:47:50,644 [DEBUG] findfont: score(<Font 'STIXIntegralsUpD' (STIXIntUpDBol.otf) normal normal bold normal>) = 10.335
2020-05-26 22:47:50,645 [DEBUG] findfont: score(<Font '.SF Compact Rounded' (SFCompactRounded-Regular.otf) normal normal regular normal>) = 10.05
2020-05-26 22:47:50,645 [DEBUG] findfont: score(<Font 'Khmer MN' (Khmer MN.ttc) normal normal 400 normal>) = 10.05
2020-05-26 22:47:50,645 [DEBUG] findfont: score(<Font 'STIXSizeTwoSym' (STIXSizTwoSymBol.otf) normal normal bold normal>) = 10.335
2020-05-26 22:47:50,645 [DEBUG] findfont: score(<Font '.SF NS Display Condensed' (SFNSDisplayCondensed-Bold.otf) normal normal bold condensed>) = 10.535
2020-05-26 22:47:50,645 [DEBUG] findfont: score(<Font 'Chalkboard' (Chalkboard.ttc) normal normal 400 normal>) = 10.05
2020-05-26 22:47:50,645 [DEBUG] findfont: score(<Font '.SF NS Symbols' (SFNSSymbols-Semibold.otf) normal normal semibold normal>) = 10.24
2020-05-26 22:47:50,645 [DEBUG] findfont: score(<Font 'Marion' (Marion.ttc) normal normal regular normal>) = 10.05
2020-05-26 22:47:50,645 [DEBUG] findfont: score(<Font 'Verdana' (Verdana Italic.ttf) italic normal 400 normal>) = 4.6863636363636365
2020-05-26 22:47:50,645 [DEBUG] findfont: score(<Font 'DIN Condensed' (DIN Condensed Bold.ttf) normal normal bold condensed>) = 10.535
2020-05-26 22:47:50,645 [DEBUG] findfont: score(<Font 'Arial' (Arial Italic.ttf) italic normal 400 normal>) = 7.413636363636363
2020-05-26 22:47:50,646 [DEBUG] findfont: score(<Font 'SauceCodePro Nerd Font' (Sauce Code Pro Light Nerd Font Complete.ttf) normal normal light normal>) = 10.24
2020-05-26 22:47:50,646 [DEBUG] findfont: score(<Font 'Copperplate' (Copperplate.ttc) normal normal 400 normal>) = 10.05
2020-05-26 22:47:50,646 [DEBUG] findfont: score(<Font 'New Peninim MT' (NewPeninimMT.ttc) normal normal 400 normal>) = 10.05
2020-05-26 22:47:50,646 [DEBUG] findfont: score(<Font 'Sinhala MN' (Sinhala MN.ttc) normal normal 400 normal>) = 10.05
2020-05-26 22:47:50,646 [DEBUG] findfont: score(<Font 'Geeza Pro' (GeezaPro.ttc) normal normal regular normal>) = 10.05
2020-05-26 22:47:50,646 [DEBUG] findfont: score(<Font 'SignPainter' (SignPainter.ttc) normal normal 400 normal>) = 10.05
2020-05-26 22:47:50,646 [DEBUG] findfont: score(<Font '.SF NS Display Condensed' (SFNSDisplayCondensed-Thin.otf) normal normal 400 condensed>) = 10.25
2020-05-26 22:47:50,646 [DEBUG] findfont: score(<Font 'Diwan Kufi' (Diwan Kufi.ttc) normal normal regular normal>) = 10.05
2020-05-26 22:47:50,646 [DEBUG] findfont: score(<Font 'STIXIntegralsUp' (STIXIntUpBol.otf) normal normal bold normal>) = 10.335
2020-05-26 22:47:50,646 [DEBUG] findfont: score(<Font 'Tahoma' (Tahoma Bold.ttf) normal normal bold normal>) = 10.335
2020-05-26 22:47:50,647 [DEBUG] findfont: score(<Font 'Kohinoor Bangla' (KohinoorBangla.ttc) normal normal 400 normal>) = 10.05
2020-05-26 22:47:50,647 [DEBUG] findfont: score(<Font 'Diwan Thuluth' (Diwan Thuluth.ttf) normal normal regular normal>) = 10.05
2020-05-26 22:47:50,647 [DEBUG] findfont: score(<Font 'Symbol' (Symbol.ttf) normal normal 400 normal>) = 10.05
2020-05-26 22:47:50,647 [DEBUG] findfont: score(<Font 'Georgia' (Georgia Bold.ttf) normal normal bold normal>) = 10.335
2020-05-26 22:47:50,647 [DEBUG] findfont: score(<Font 'Gurmukhi MT' (Gurmukhi.ttf) normal normal 400 normal>) = 10.05
2020-05-26 22:47:50,647 [DEBUG] findfont: score(<Font 'Shree Devanagari 714' (Shree714.ttc) normal normal 400 normal>) = 10.05
2020-05-26 22:47:50,647 [DEBUG] findfont: score(<Font '.Keyboard' (Keyboard.ttf) normal normal 400 normal>) = 10.05
2020-05-26 22:47:50,647 [DEBUG] findfont: score(<Font 'Seravek' (Seravek.ttc) normal normal 400 normal>) = 10.05
2020-05-26 22:47:50,647 [DEBUG] findfont: score(<Font 'System Font' (SFNSDisplay-ThinItalic.otf) italic normal 400 normal>) = 11.05
2020-05-26 22:47:50,647 [DEBUG] findfont: score(<Font 'Trattatello' (Trattatello.ttf) normal normal 400 normal>) = 10.05
2020-05-26 22:47:50,648 [DEBUG] findfont: score(<Font 'Noteworthy' (Noteworthy.ttc) normal normal light normal>) = 10.24
2020-05-26 22:47:50,648 [DEBUG] findfont: score(<Font 'Courier New' (Courier New Italic.ttf) italic normal 400 normal>) = 11.05
2020-05-26 22:47:50,648 [DEBUG] findfont: score(<Font '.SF Compact Rounded' (SFCompactRounded-Semibold.otf) normal normal semibold normal>) = 10.24
2020-05-26 22:47:50,648 [DEBUG] findfont: score(<Font 'SauceCodePro Nerd Font' (Sauce Code Pro Black Italic Nerd Font Complete.ttf) italic normal black normal>) = 11.525
2020-05-26 22:47:50,648 [DEBUG] findfont: score(<Font '.SF Compact Display' (SFCompactDisplay-Heavy.otf) normal normal heavy normal>) = 10.43
2020-05-26 22:47:50,648 [DEBUG] findfont: score(<Font 'Palatino' (Palatino.ttc) normal normal 400 normal>) = 10.05
2020-05-26 22:47:50,648 [DEBUG] findfont: score(<Font '.SF NS Symbols' (SFNSSymbols-Thin.otf) normal normal 400 normal>) = 10.05
2020-05-26 22:47:50,649 [DEBUG] findfont: score(<Font '.SF NS Display Condensed' (SFNSDisplayCondensed-Semibold.otf) normal normal semibold condensed>) = 10.44
2020-05-26 22:47:50,649 [DEBUG] findfont: score(<Font '.SF NS Text Condensed' (SFNSTextCondensed-Bold.otf) normal normal bold condensed>) = 10.535
2020-05-26 22:47:50,649 [DEBUG] findfont: score(<Font 'SauceCodePro Nerd Font' (Sauce Code Pro Medium Italic Nerd Font Complete.ttf) italic normal medium normal>) = 11.145
2020-05-26 22:47:50,649 [DEBUG] findfont: score(<Font 'Muna' (Muna.ttc) normal normal regular normal>) = 10.05
2020-05-26 22:47:50,649 [DEBUG] findfont: score(<Font 'Mshtakan' (Mshtakan.ttc) normal normal 400 normal>) = 10.05
2020-05-26 22:47:50,649 [DEBUG] findfont: score(<Font 'Bangla MN' (Bangla MN.ttc) normal normal 400 normal>) = 10.05
2020-05-26 22:47:50,649 [DEBUG] findfont: score(<Font '.SF Compact Text' (SFCompactText-LightItalic.otf) italic normal light normal>) = 11.24
2020-05-26 22:47:50,649 [DEBUG] findfont: score(<Font '.SF Compact Text' (SFCompactText-HeavyItalic.otf) italic normal heavy normal>) = 11.43
2020-05-26 22:47:50,649 [DEBUG] findfont: score(<Font 'Arial' (Arial Bold.ttf) normal normal bold normal>) = 6.698636363636363
2020-05-26 22:47:50,650 [DEBUG] findfont: score(<Font 'Hiragino Sans' (ヒラギノ角ゴシック W9.ttc) normal normal 700 normal>) = 10.335
2020-05-26 22:47:50,650 [DEBUG] findfont: score(<Font 'STIXIntegralsD' (STIXIntDBol.otf) normal normal bold normal>) = 10.335
2020-05-26 22:47:50,650 [DEBUG] findfont: score(<Font 'Al Nile' (Al Nile.ttc) normal normal 400 normal>) = 10.05
2020-05-26 22:47:50,650 [DEBUG] findfont: score(<Font 'Sukhumvit Set' (SukhumvitSet.ttc) normal normal 400 normal>) = 10.05
2020-05-26 22:47:50,650 [DEBUG] findfont: score(<Font '.SF NS Symbols' (SFNSSymbols-Black.otf) normal normal black normal>) = 10.525
2020-05-26 22:47:50,650 [DEBUG] findfont: score(<Font 'System Font' (SFNSDisplay-HeavyItalic.otf) italic normal heavy normal>) = 11.43
2020-05-26 22:47:50,650 [DEBUG] findfont: score(<Font 'Gill Sans' (GillSans.ttc) normal normal 400 normal>) = 10.05
2020-05-26 22:47:50,650 [DEBUG] findfont: score(<Font '.SF NS Display Condensed' (SFNSDisplayCondensed-Regular.otf) normal normal regular condensed>) = 10.25
2020-05-26 22:47:50,650 [DEBUG] findfont: score(<Font 'Gujarati MT' (GujaratiMT.ttc) normal normal 400 normal>) = 10.05
2020-05-26 22:47:50,650 [DEBUG] findfont: score(<Font 'Verdana' (Verdana Bold Italic.ttf) italic normal bold normal>) = 4.971363636363637
2020-05-26 22:47:50,650 [DEBUG] findfont: score(<Font 'Baskerville' (Baskerville.ttc) normal normal 400 normal>) = 10.05
2020-05-26 22:47:50,651 [DEBUG] findfont: score(<Font 'Avenir Next' (Avenir Next.ttc) normal normal bold normal>) = 10.335
2020-05-26 22:47:50,651 [DEBUG] findfont: score(<Font 'SauceCodePro Nerd Font' (Sauce Code Pro Semibold Italic Nerd Font Complete.ttf) italic normal semibold normal>) = 11.24
2020-05-26 22:47:50,651 [DEBUG] findfont: score(<Font 'STIXVariants' (STIXVar.otf) normal normal regular normal>) = 10.05
2020-05-26 22:47:50,651 [DEBUG] findfont: score(<Font '.SF Compact Display' (SFCompactDisplay-Medium.otf) normal normal medium normal>) = 10.145
2020-05-26 22:47:50,651 [DEBUG] findfont: score(<Font 'System Font' (SFNSDisplay-UltralightItalic.otf) italic normal ultralight normal>) = 11.335
2020-05-26 22:47:50,651 [DEBUG] findfont: score(<Font 'Georgia' (Georgia Italic.ttf) italic normal 400 normal>) = 11.05
2020-05-26 22:47:50,651 [DEBUG] findfont: score(<Font 'STIXNonUnicode' (STIXNonUniBol.otf) normal normal bold normal>) = 10.335
2020-05-26 22:47:50,651 [DEBUG] findfont: score(<Font 'DIN Alternate' (DIN Alternate Bold.ttf) normal normal bold normal>) = 10.335
2020-05-26 22:47:50,651 [DEBUG] findfont: score(<Font 'Khmer Sangam MN' (Khmer Sangam MN.ttf) normal normal 400 normal>) = 10.05
2020-05-26 22:47:50,651 [DEBUG] findfont: score(<Font 'Apple Braille' (Apple Braille Pinpoint 6 Dot.ttf) normal normal 400 normal>) = 10.05
2020-05-26 22:47:50,652 [DEBUG] findfont: Matching :family=sans-serif:style=normal:variant=normal:weight=normal:stretch=normal:size=10.0 to DejaVu Sans ('/usr/local/Cellar/python@3.6/3.6.9_3/Frameworks/Python.framework/Versions/3.6/lib/python3.6/site-packages/matplotlib/mpl-data/fonts/ttf/DejaVuSans.ttf') with score of 0.050000.
2020-05-26 22:59:26,702 [INFO] Iteration_2 (700.4479s/iter) (loss=13.237210273742676)
