2020-05-26 21:14:22,546 [INFO] --train_logdir=models/CarSeg_UNet_CE_2D_512_512_v1 \
--phase=train \
--dataset_dir=./datasets/Carvana \
--dataset=Carvana_train.tfrecord \
--test_dataset=./datasets/test \
--train_batch_size=2 \
--training_number_of_steps=30 \
--summary_steps=100 \
--checkpoint_steps=2 \
--save_steps=100 \
--checkpoint=None \
--tf_initial_checkpoint_dir=None \

2020-05-26 21:14:31,839 [INFO] 2020-05-26 21:14:31.838115: Init new training
2020-05-26 21:14:31,844 [WARNING] From /Users/yenciliang/_School/script/Unet-Tensorflow/model/read_tfrecords.py:27: TFRecordReader.__init__ (from tensorflow.python.ops.io_ops) is deprecated and will be removed in a future version.
Instructions for updating:
Queue-based input pipelines have been replaced by `tf.data`. Use `tf.data.TFRecordDataset`.
2020-05-26 21:14:31,898 [WARNING] From /Users/yenciliang/_School/script/Unet-Tensorflow/model/read_tfrecords.py:29: string_input_producer (from tensorflow.python.training.input) is deprecated and will be removed in a future version.
Instructions for updating:
Queue-based input pipelines have been replaced by `tf.data`. Use `tf.data.Dataset.from_tensor_slices(string_tensor).shuffle(tf.shape(input_tensor, out_type=tf.int64)[0]).repeat(num_epochs)`. If `shuffle=False`, omit the `.shuffle(...)`.
2020-05-26 21:14:31,946 [WARNING] From /usr/local/Cellar/python@3.6/3.6.9_3/Frameworks/Python.framework/Versions/3.6/lib/python3.6/site-packages/tensorflow/python/training/input.py:276: input_producer (from tensorflow.python.training.input) is deprecated and will be removed in a future version.
Instructions for updating:
Queue-based input pipelines have been replaced by `tf.data`. Use `tf.data.Dataset.from_tensor_slices(input_tensor).shuffle(tf.shape(input_tensor, out_type=tf.int64)[0]).repeat(num_epochs)`. If `shuffle=False`, omit the `.shuffle(...)`.
2020-05-26 21:14:31,964 [WARNING] From /usr/local/Cellar/python@3.6/3.6.9_3/Frameworks/Python.framework/Versions/3.6/lib/python3.6/site-packages/tensorflow/python/training/input.py:188: limit_epochs (from tensorflow.python.training.input) is deprecated and will be removed in a future version.
Instructions for updating:
Queue-based input pipelines have been replaced by `tf.data`. Use `tf.data.Dataset.from_tensors(tensor).repeat(num_epochs)`.
2020-05-26 21:14:31,988 [WARNING] From /usr/local/Cellar/python@3.6/3.6.9_3/Frameworks/Python.framework/Versions/3.6/lib/python3.6/site-packages/tensorflow/python/training/input.py:197: QueueRunner.__init__ (from tensorflow.python.training.queue_runner_impl) is deprecated and will be removed in a future version.
Instructions for updating:
To construct input pipelines, use the `tf.data` module.
2020-05-26 21:14:31,995 [WARNING] From /usr/local/Cellar/python@3.6/3.6.9_3/Frameworks/Python.framework/Versions/3.6/lib/python3.6/site-packages/tensorflow/python/training/input.py:197: add_queue_runner (from tensorflow.python.training.queue_runner_impl) is deprecated and will be removed in a future version.
Instructions for updating:
To construct input pipelines, use the `tf.data` module.
2020-05-26 21:14:32,120 [WARNING] From /Users/yenciliang/_School/script/Unet-Tensorflow/model/read_tfrecords.py:64: shuffle_batch (from tensorflow.python.training.input) is deprecated and will be removed in a future version.
Instructions for updating:
Queue-based input pipelines have been replaced by `tf.data`. Use `tf.data.Dataset.shuffle(min_after_dequeue).batch(batch_size)`.
2020-05-26 21:14:32,150 [INFO] 2020-05-26 21:14:32.150091: Done init data generators
2020-05-26 21:14:32,151 [WARNING] From /Users/yenciliang/_School/script/Unet-Tensorflow/model/unet.py:141: start_queue_runners (from tensorflow.python.training.queue_runner_impl) is deprecated and will be removed in a future version.
Instructions for updating:
To construct input pipelines, use the `tf.data` module.
2020-05-26 21:15:36,046 [INFO] 2020-05-26 21:15:36.045972: Iteration_2 Saved checkpoint
2020-05-26 21:16:31,593 [INFO] 2020-05-26 21:16:31.592744: Iteration_4 Saved checkpoint
2020-05-26 21:17:25,861 [INFO] 2020-05-26 21:17:25.861548: Iteration_6 Saved checkpoint
2020-05-26 21:18:22,421 [INFO] 2020-05-26 21:18:22.421706: Iteration_8 Saved checkpoint
2020-05-26 21:19:19,344 [INFO] 2020-05-26 21:19:19.343417: Iteration_10 Saved checkpoint
2020-05-26 21:20:15,613 [INFO] 2020-05-26 21:20:15.613935: Iteration_12 Saved checkpoint
2020-05-26 21:21:10,496 [INFO] 2020-05-26 21:21:10.496720: Iteration_14 Saved checkpoint
2020-05-26 21:22:04,858 [INFO] 2020-05-26 21:22:04.858720: Iteration_16 Saved checkpoint
2020-05-26 21:23:00,549 [INFO] 2020-05-26 21:23:00.549201: Iteration_18 Saved checkpoint
2020-05-26 21:23:58,745 [INFO] 2020-05-26 21:23:58.745786: Iteration_20 Saved checkpoint
2020-05-26 21:24:52,806 [INFO] 2020-05-26 21:24:52.806371: Iteration_22 Saved checkpoint
2020-05-26 21:25:49,134 [INFO] 2020-05-26 21:25:49.133681: Iteration_24 Saved checkpoint
2020-05-26 21:26:42,224 [INFO] 2020-05-26 21:26:42.224144: Iteration_26 Saved checkpoint
2020-05-26 21:27:35,239 [INFO] 2020-05-26 21:27:35.239561: Iteration_28 Saved checkpoint
2020-05-26 21:28:26,946 [INFO] 2020-05-26 21:28:26.946544: Iteration_30 Saved checkpoint
2020-05-26 21:28:27,090 [INFO] 2020-05-26 21:28:27.090202: Done training
